TN:
SF:babel.config.js
FNF:0
FNH:0
DA:6,0
LF:1
LH:0
BRF:0
BRH:0
end_of_record
TN:
SF:communication-preferences.js
FN:16,(anonymous_0)
FN:95,getCustomerPreferences
FN:189,updatePreferences
FN:273,handleUnsubscribe
FN:395,optOut
FN:461,cancelPendingFollowups
FN:482,logPreferenceChange
FNF:7
FNH:0
FNDA:0,(anonymous_0)
FNDA:0,getCustomerPreferences
FNDA:0,updatePreferences
FNDA:0,handleUnsubscribe
FNDA:0,optOut
FNDA:0,cancelPendingFollowups
FNDA:0,logPreferenceChange
DA:6,0
DA:7,0
DA:8,0
DA:9,0
DA:11,0
DA:16,0
DA:18,0
DA:24,0
DA:25,0
DA:29,0
DA:37,0
DA:38,0
DA:41,0
DA:42,0
DA:43,0
DA:45,0
DA:47,0
DA:48,0
DA:49,0
DA:50,0
DA:52,0
DA:55,0
DA:56,0
DA:57,0
DA:58,0
DA:60,0
DA:63,0
DA:66,0
DA:73,0
DA:80,0
DA:81,0
DA:96,0
DA:97,0
DA:99,0
DA:100,0
DA:108,0
DA:129,0
DA:131,0
DA:132,0
DA:139,0
DA:142,0
DA:143,0
DA:146,0
DA:167,0
DA:177,0
DA:178,0
DA:190,0
DA:191,0
DA:192,0
DA:194,0
DA:195,0
DA:203,0
DA:204,0
DA:212,0
DA:226,0
DA:227,0
DA:228,0
DA:230,0
DA:239,0
DA:240,0
DA:248,0
DA:250,0
DA:261,0
DA:262,0
DA:274,0
DA:275,0
DA:276,0
DA:277,0
DA:279,0
DA:280,0
DA:288,0
DA:289,0
DA:291,0
DA:292,0
DA:300,0
DA:301,0
DA:303,0
DA:305,0
DA:310,0
DA:311,0
DA:314,0
DA:319,0
DA:320,0
DA:324,0
DA:335,0
DA:336,0
DA:339,0
DA:341,0
DA:342,0
DA:350,0
DA:353,0
DA:373,0
DA:383,0
DA:384,0
DA:396,0
DA:397,0
DA:398,0
DA:400,0
DA:401,0
DA:409,0
DA:423,0
DA:425,0
DA:426,0
DA:434,0
DA:437,0
DA:439,0
DA:449,0
DA:450,0
DA:462,0
DA:463,0
DA:473,0
DA:475,0
DA:483,0
DA:484,0
DA:497,0
DA:506,0
LF:116
LH:0
BRDA:24,0,0,0
BRDA:24,0,1,0
BRDA:37,1,0,0
BRDA:37,1,1,0
BRDA:45,2,0,0
BRDA:45,2,1,0
BRDA:45,2,2,0
BRDA:45,2,3,0
BRDA:47,3,0,0
BRDA:47,3,1,0
BRDA:49,4,0,0
BRDA:49,4,1,0
BRDA:55,5,0,0
BRDA:55,5,1,0
BRDA:57,6,0,0
BRDA:57,6,1,0
BRDA:99,7,0,0
BRDA:99,7,1,0
BRDA:131,8,0,0
BRDA:131,8,1,0
BRDA:142,9,0,0
BRDA:142,9,1,0
BRDA:192,10,0,0
BRDA:194,11,0,0
BRDA:194,11,1,0
BRDA:203,12,0,0
BRDA:203,12,1,0
BRDA:203,13,0,0
BRDA:203,13,1,0
BRDA:226,14,0,0
BRDA:226,14,1,0
BRDA:226,14,2,0
BRDA:227,15,0,0
BRDA:227,15,1,0
BRDA:227,15,2,0
BRDA:228,16,0,0
BRDA:228,16,1,0
BRDA:228,16,2,0
BRDA:239,17,0,0
BRDA:239,17,1,0
BRDA:276,18,0,0
BRDA:276,18,1,0
BRDA:277,19,0,0
BRDA:277,20,0,0
BRDA:279,21,0,0
BRDA:279,21,1,0
BRDA:291,22,0,0
BRDA:291,22,1,0
BRDA:291,23,0,0
BRDA:291,23,1,0
BRDA:303,24,0,0
BRDA:303,24,1,0
BRDA:303,24,2,0
BRDA:303,24,3,0
BRDA:341,25,0,0
BRDA:341,25,1,0
BRDA:366,26,0,0
BRDA:366,26,1,0
BRDA:398,27,0,0
BRDA:400,28,0,0
BRDA:400,28,1,0
BRDA:423,29,0,0
BRDA:423,29,1,0
BRDA:425,30,0,0
BRDA:425,30,1,0
BRF:65
BRH:0
end_of_record
TN:
SF:contact-form.js
FN:6,(anonymous_0)
FN:69,(anonymous_1)
FNF:2
FNH:0
FNDA:0,(anonymous_0)
FNDA:0,(anonymous_1)
DA:1,0
DA:2,0
DA:3,0
DA:4,0
DA:6,0
DA:8,0
DA:9,0
DA:12,0
DA:15,0
DA:16,0
DA:18,0
DA:22,0
DA:23,0
DA:30,0
DA:31,0
DA:32,0
DA:38,0
DA:49,0
DA:50,0
DA:56,0
DA:57,0
DA:60,0
DA:61,0
DA:64,0
DA:65,0
DA:69,0
DA:70,0
DA:71,0
DA:76,0
DA:77,0
DA:85,0
DA:86,0
DA:90,0
DA:92,0
DA:93,0
DA:94,0
DA:98,0
DA:99,0
DA:102,0
DA:106,0
DA:107,0
DA:108,0
DA:109,0
DA:118,0
DA:119,0
DA:120,0
DA:122,0
DA:128,0
DA:129,0
DA:142,0
DA:145,0
DA:150,0
DA:155,0
LF:53
LH:0
BRDA:8,0,0,0
BRDA:8,0,1,0
BRDA:22,1,0,0
BRDA:22,1,1,0
BRDA:22,2,0,0
BRDA:22,2,1,0
BRDA:24,3,0,0
BRDA:24,3,1,0
BRDA:25,4,0,0
BRDA:25,4,1,0
BRDA:31,5,0,0
BRDA:31,5,1,0
BRDA:40,6,0,0
BRDA:40,6,1,0
BRDA:56,7,0,0
BRDA:56,7,1,0
BRDA:60,8,0,0
BRDA:60,8,1,0
BRDA:64,9,0,0
BRDA:64,9,1,0
BRDA:70,10,0,0
BRDA:70,10,1,0
BRDA:70,11,0,0
BRDA:70,11,1,0
BRDA:79,12,0,0
BRDA:79,12,1,0
BRDA:98,13,0,0
BRDA:98,13,1,0
BRDA:106,14,0,0
BRDA:106,14,1,0
BRDA:111,15,0,0
BRDA:111,15,1,0
BRDA:113,16,0,0
BRDA:113,16,1,0
BRDA:128,17,0,0
BRDA:128,17,1,0
BRDA:132,18,0,0
BRDA:132,18,1,0
BRDA:133,19,0,0
BRDA:133,19,1,0
BRDA:135,20,0,0
BRDA:135,20,1,0
BRF:42
BRH:0
end_of_record
TN:
SF:contact-submission.js
FN:3,(anonymous_0)
FNF:1
FNH:0
FNDA:0,(anonymous_0)
DA:1,0
DA:3,0
DA:5,0
DA:6,0
DA:10,0
DA:13,0
DA:14,0
DA:20,0
DA:22,0
DA:33,0
DA:57,0
DA:59,0
DA:64,0
DA:66,0
LF:14
LH:0
BRDA:5,0,0,0
BRDA:5,0,1,0
BRDA:13,1,0,0
BRDA:13,1,1,0
BRDA:13,2,0,0
BRDA:13,2,1,0
BRDA:13,2,2,0
BRDA:41,3,0,0
BRDA:41,3,1,0
BRDA:50,4,0,0
BRDA:50,4,1,0
BRF:11
BRH:0
end_of_record
TN:
SF:customer-auth.js
FN:8,(anonymous_0)
FN:91,findCustomerByContact
FNF:2
FNH:0
FNDA:0,(anonymous_0)
FNDA:0,findCustomerByContact
DA:1,0
DA:2,0
DA:8,0
DA:10,0
DA:11,0
DA:17,0
DA:18,0
DA:19,0
DA:21,0
DA:22,0
DA:34,0
DA:36,0
DA:37,0
DA:47,0
DA:57,0
DA:75,0
DA:76,0
DA:92,0
DA:94,0
DA:95,0
DA:101,0
DA:102,0
DA:122,0
DA:125,0
DA:126,0
LF:25
LH:0
BRDA:10,0,0,0
BRDA:10,0,1,0
BRDA:21,1,0,0
BRDA:21,1,1,0
BRDA:21,2,0,0
BRDA:21,2,1,0
BRDA:36,3,0,0
BRDA:36,3,1,0
BRDA:53,4,0,0
BRDA:53,4,1,0
BRDA:101,5,0,0
BRDA:101,5,1,0
BRDA:101,6,0,0
BRDA:101,6,1,0
BRF:14
BRH:0
end_of_record
TN:
SF:customer-dashboard.js
FN:8,(anonymous_0)
FN:89,getCustomerDashboard
FN:108,getCustomerAppointments
FN:131,getCustomerPreferences
FN:146,getCustomerActivity
FN:177,getCustomerSalesRep
FNF:6
FNH:0
FNDA:0,(anonymous_0)
FNDA:0,getCustomerDashboard
FNDA:0,getCustomerAppointments
FNDA:0,getCustomerPreferences
FNDA:0,getCustomerActivity
FNDA:0,getCustomerSalesRep
DA:1,0
DA:2,0
DA:8,0
DA:10,0
DA:11,0
DA:12,0
DA:18,0
DA:19,0
DA:22,0
DA:24,0
DA:25,0
DA:31,0
DA:34,0
DA:35,0
DA:39,0
DA:41,0
DA:42,0
DA:44,0
DA:45,0
DA:47,0
DA:48,0
DA:50,0
DA:51,0
DA:54,0
DA:57,0
DA:66,0
DA:68,0
DA:69,0
DA:75,0
DA:90,0
DA:97,0
DA:111,0
DA:134,0
DA:149,0
DA:180,0
LF:35
LH:0
BRDA:11,0,0,0
BRDA:11,0,1,0
BRDA:11,1,0,0
BRDA:11,1,1,0
BRDA:22,2,0,0
BRDA:22,2,1,0
BRDA:24,3,0,0
BRDA:24,3,1,0
BRDA:39,4,0,0
BRDA:39,4,1,0
BRDA:39,4,2,0
BRDA:39,4,3,0
BRDA:39,4,4,0
BRDA:68,5,0,0
BRDA:68,5,1,0
BRDA:146,6,0,0
BRF:16
BRH:0
end_of_record
TN:
SF:email-templates.js
FN:9,(anonymous_0)
FN:26,(anonymous_1)
FN:64,getTemplates
FN:149,createTemplate
FN:229,getTemplateTypes
FN:248,getAvailableVariables
FN:273,getTemplate
FN:308,updateTemplate
FN:404,deleteTemplate
FN:447,duplicateTemplate
FN:517,testTemplate
FN:568,getTemplateUsage
FN:622,personalizeContent
FNF:13
FNH:0
FNDA:0,(anonymous_0)
FNDA:0,(anonymous_1)
FNDA:0,getTemplates
FNDA:0,createTemplate
FNDA:0,getTemplateTypes
FNDA:0,getAvailableVariables
FNDA:0,getTemplate
FNDA:0,updateTemplate
FNDA:0,deleteTemplate
FNDA:0,duplicateTemplate
FNDA:0,testTemplate
FNDA:0,getTemplateUsage
FNDA:0,personalizeContent
DA:1,0
DA:2,0
DA:3,0
DA:9,0
DA:11,0
DA:17,0
DA:18,0
DA:21,0
DA:22,0
DA:23,0
DA:26,0
DA:27,0
DA:28,0
DA:30,0
DA:32,0
DA:34,0
DA:36,0
DA:38,0
DA:40,0
DA:42,0
DA:44,0
DA:46,0
DA:48,0
DA:50,0
DA:52,0
DA:56,0
DA:57,0
DA:65,0
DA:75,0
DA:76,0
DA:77,0
DA:78,0
DA:80,0
DA:81,0
DA:82,0
DA:83,0
DA:86,0
DA:87,0
DA:88,0
DA:89,0
DA:92,0
DA:93,0
DA:94,0
DA:95,0
DA:99,0
DA:100,0
DA:101,0
DA:102,0
DA:105,0
DA:106,0
DA:108,0
DA:111,0
DA:112,0
DA:113,0
DA:115,0
DA:116,0
DA:117,0
DA:120,0
DA:121,0
DA:122,0
DA:125,0
DA:126,0
DA:127,0
DA:130,0
DA:132,0
DA:141,0
DA:142,0
DA:151,0
DA:152,0
DA:154,0
DA:157,0
DA:159,0
DA:160,0
DA:168,0
DA:169,0
DA:170,0
DA:176,0
DA:177,0
DA:178,0
DA:180,0
DA:181,0
DA:186,0
DA:189,0
DA:190,0
DA:198,0
DA:213,0
DA:215,0
DA:221,0
DA:222,0
DA:230,0
DA:240,0
DA:249,0
DA:265,0
DA:274,0
DA:275,0
DA:276,0
DA:278,0
DA:279,0
DA:282,0
DA:285,0
DA:292,0
DA:293,0
DA:295,0
DA:300,0
DA:301,0
DA:310,0
DA:311,0
DA:313,0
DA:317,0
DA:318,0
DA:319,0
DA:320,0
DA:321,0
DA:323,0
DA:324,0
DA:328,0
DA:329,0
DA:330,0
DA:331,0
DA:338,0
DA:339,0
DA:340,0
DA:341,0
DA:343,0
DA:344,0
DA:349,0
DA:353,0
DA:354,0
DA:359,0
DA:360,0
DA:361,0
DA:363,0
DA:364,0
DA:365,0
DA:366,0
DA:367,0
DA:371,0
DA:372,0
DA:375,0
DA:377,0
DA:384,0
DA:386,0
DA:387,0
DA:390,0
DA:396,0
DA:397,0
DA:405,0
DA:407,0
DA:408,0
DA:410,0
DA:411,0
DA:417,0
DA:418,0
DA:420,0
DA:421,0
DA:426,0
DA:427,0
DA:429,0
DA:430,0
DA:433,0
DA:439,0
DA:440,0
DA:449,0
DA:450,0
DA:452,0
DA:455,0
DA:457,0
DA:458,0
DA:460,0
DA:461,0
DA:464,0
DA:465,0
DA:468,0
DA:469,0
DA:471,0
DA:472,0
DA:478,0
DA:486,0
DA:501,0
DA:503,0
DA:509,0
DA:510,0
DA:519,0
DA:520,0
DA:522,0
DA:525,0
DA:527,0
DA:528,0
DA:530,0
DA:531,0
DA:534,0
DA:537,0
DA:538,0
DA:541,0
DA:542,0
DA:544,0
DA:545,0
DA:546,0
DA:547,0
DA:550,0
DA:560,0
DA:561,0
DA:569,0
DA:571,0
DA:572,0
DA:590,0
DA:593,0
DA:604,0
DA:606,0
DA:614,0
DA:615,0
DA:623,0
DA:625,0
LF:213
LH:0
BRDA:17,0,0,0
BRDA:17,0,1,0
BRDA:30,1,0,0
BRDA:30,1,1,0
BRDA:30,1,2,0
BRDA:30,1,3,0
BRDA:30,1,4,0
BRDA:30,1,5,0
BRDA:30,1,6,0
BRDA:30,1,7,0
BRDA:30,1,8,0
BRDA:30,1,9,0
BRDA:30,1,10,0
BRDA:67,2,0,0
BRDA:67,2,1,0
BRDA:69,3,0,0
BRDA:69,3,1,0
BRDA:70,4,0,0
BRDA:70,4,1,0
BRDA:71,5,0,0
BRDA:71,5,1,0
BRDA:72,6,0,0
BRDA:72,6,1,0
BRDA:80,7,0,0
BRDA:80,7,1,0
BRDA:86,8,0,0
BRDA:86,8,1,0
BRDA:92,9,0,0
BRDA:92,9,1,0
BRDA:100,10,0,0
BRDA:100,10,1,0
BRDA:101,11,0,0
BRDA:101,11,1,0
BRDA:115,12,0,0
BRDA:115,12,1,0
BRDA:120,13,0,0
BRDA:120,13,1,0
BRDA:125,14,0,0
BRDA:125,14,1,0
BRDA:159,15,0,0
BRDA:159,15,1,0
BRDA:159,16,0,0
BRDA:159,16,1,0
BRDA:159,16,2,0
BRDA:161,17,0,0
BRDA:161,17,1,0
BRDA:162,18,0,0
BRDA:162,18,1,0
BRDA:163,19,0,0
BRDA:163,19,1,0
BRDA:169,20,0,0
BRDA:169,20,1,0
BRDA:169,21,0,0
BRDA:169,21,1,0
BRDA:180,22,0,0
BRDA:180,22,1,0
BRDA:200,23,0,0
BRDA:200,23,1,0
BRDA:203,24,0,0
BRDA:203,24,1,0
BRDA:205,25,0,0
BRDA:205,25,1,0
BRDA:208,26,0,0
BRDA:208,26,1,0
BRDA:209,27,0,0
BRDA:209,27,1,0
BRDA:210,28,0,0
BRDA:210,28,1,0
BRDA:278,29,0,0
BRDA:278,29,1,0
BRDA:323,30,0,0
BRDA:323,30,1,0
BRDA:328,31,0,0
BRDA:328,31,1,0
BRDA:330,32,0,0
BRDA:330,32,1,0
BRDA:338,33,0,0
BRDA:338,33,1,0
BRDA:343,34,0,0
BRDA:343,34,1,0
BRDA:364,35,0,0
BRDA:364,35,1,0
BRDA:371,36,0,0
BRDA:371,36,1,0
BRDA:386,37,0,0
BRDA:386,37,1,0
BRDA:410,38,0,0
BRDA:410,38,1,0
BRDA:420,39,0,0
BRDA:420,39,1,0
BRDA:429,40,0,0
BRDA:429,40,1,0
BRDA:460,41,0,0
BRDA:460,41,1,0
BRDA:465,42,0,0
BRDA:465,42,1,0
BRDA:471,43,0,0
BRDA:471,43,1,0
BRDA:488,44,0,0
BRDA:488,44,1,0
BRDA:498,45,0,0
BRDA:498,45,1,0
BRDA:530,46,0,0
BRDA:530,46,1,0
BRDA:542,47,0,0
BRDA:542,47,1,0
BRDA:542,48,0,0
BRDA:542,48,1,0
BRDA:569,49,0,0
BRDA:569,49,1,0
BRDA:623,50,0,0
BRDA:623,50,1,0
BRDA:626,51,0,0
BRDA:626,51,1,0
BRDA:627,52,0,0
BRDA:627,52,1,0
BRDA:628,53,0,0
BRDA:628,53,1,0
BRDA:628,54,0,0
BRDA:628,54,1,0
BRDA:629,55,0,0
BRDA:629,55,1,0
BRDA:630,56,0,0
BRDA:630,56,1,0
BRDA:631,57,0,0
BRDA:631,57,1,0
BRDA:632,58,0,0
BRDA:632,58,1,0
BRDA:633,59,0,0
BRDA:633,59,1,0
BRDA:634,60,0,0
BRDA:634,60,1,0
BRDA:636,61,0,0
BRDA:636,61,1,0
BRDA:637,62,0,0
BRDA:637,62,1,0
BRDA:638,63,0,0
BRDA:638,63,1,0
BRF:138
BRH:0
end_of_record
TN:
SF:followup-analytics.js
FN:16,(anonymous_0)
FN:94,handleTrackingPixel
FN:151,trackEvent
FN:201,trackClick
FN:243,getAnalyticsDashboard
FN:288,getCampaignAnalytics
FN:326,trackAnalyticsEvent
FN:358,getOverallAnalytics
FN:391,getCampaignPerformance
FN:423,getRecentActivity
FN:451,getConversionAttribution
FN:485,getCampaignAnalyticsData
FNF:12
FNH:0
FNDA:0,(anonymous_0)
FNDA:0,handleTrackingPixel
FNDA:0,trackEvent
FNDA:0,trackClick
FNDA:0,getAnalyticsDashboard
FNDA:0,getCampaignAnalytics
FNDA:0,trackAnalyticsEvent
FNDA:0,getOverallAnalytics
FNDA:0,getCampaignPerformance
FNDA:0,getRecentActivity
FNDA:0,getConversionAttribution
FNDA:0,getCampaignAnalyticsData
DA:6,0
DA:7,0
DA:8,0
DA:9,0
DA:11,0
DA:16,0
DA:18,0
DA:24,0
DA:25,0
DA:29,0
DA:37,0
DA:38,0
DA:41,0
DA:42,0
DA:43,0
DA:45,0
DA:47,0
DA:48,0
DA:49,0
DA:50,0
DA:51,0
DA:52,0
DA:54,0
DA:57,0
DA:58,0
DA:59,0
DA:60,0
DA:62,0
DA:65,0
DA:72,0
DA:79,0
DA:80,0
DA:95,0
DA:96,0
DA:98,0
DA:99,0
DA:107,0
DA:108,0
DA:111,0
DA:120,0
DA:134,0
DA:136,0
DA:152,0
DA:153,0
DA:162,0
DA:164,0
DA:165,0
DA:172,0
DA:182,0
DA:189,0
DA:190,0
DA:202,0
DA:203,0
DA:204,0
DA:206,0
DA:207,0
DA:214,0
DA:224,0
DA:231,0
DA:232,0
DA:244,0
DA:245,0
DA:246,0
DA:249,0
DA:252,0
DA:255,0
DA:258,0
DA:260,0
DA:276,0
DA:277,0
DA:289,0
DA:290,0
DA:291,0
DA:292,0
DA:294,0
DA:295,0
DA:302,0
DA:304,0
DA:314,0
DA:315,0
DA:327,0
DA:338,0
DA:348,0
DA:349,0
DA:351,0
DA:359,0
DA:379,0
DA:380,0
DA:381,0
DA:383,0
DA:384,0
DA:392,0
DA:411,0
DA:412,0
DA:413,0
DA:415,0
DA:416,0
DA:424,0
DA:439,0
DA:440,0
DA:441,0
DA:443,0
DA:444,0
DA:452,0
DA:473,0
DA:474,0
DA:475,0
DA:477,0
DA:478,0
DA:486,0
DA:509,0
DA:510,0
DA:511,0
DA:513,0
DA:514,0
LF:115
LH:0
BRDA:24,0,0,0
BRDA:24,0,1,0
BRDA:37,1,0,0
BRDA:37,1,1,0
BRDA:45,2,0,0
BRDA:45,2,1,0
BRDA:45,2,2,0
BRDA:47,3,0,0
BRDA:47,3,1,0
BRDA:49,4,0,0
BRDA:49,4,1,0
BRDA:51,5,0,0
BRDA:51,5,1,0
BRDA:57,6,0,0
BRDA:57,6,1,0
BRDA:59,7,0,0
BRDA:59,7,1,0
BRDA:98,8,0,0
BRDA:98,8,1,0
BRDA:116,9,0,0
BRDA:116,9,1,0
BRDA:161,10,0,0
BRDA:164,11,0,0
BRDA:164,11,1,0
BRDA:164,12,0,0
BRDA:164,12,1,0
BRDA:164,12,2,0
BRDA:177,13,0,0
BRDA:177,13,1,0
BRDA:178,14,0,0
BRDA:178,14,1,0
BRDA:178,14,2,0
BRDA:204,15,0,0
BRDA:206,16,0,0
BRDA:206,16,1,0
BRDA:206,17,0,0
BRDA:206,17,1,0
BRDA:206,17,2,0
BRDA:220,18,0,0
BRDA:220,18,1,0
BRDA:245,19,0,0
BRDA:245,19,1,0
BRDA:246,20,0,0
BRDA:246,20,1,0
BRDA:291,21,0,0
BRDA:291,21,1,0
BRDA:292,22,0,0
BRDA:292,22,1,0
BRDA:294,23,0,0
BRDA:294,23,1,0
BRDA:342,24,0,0
BRDA:342,24,1,0
BRDA:343,25,0,0
BRDA:343,25,1,0
BRDA:344,26,0,0
BRDA:344,26,1,0
BRDA:345,27,0,0
BRDA:345,27,1,0
BRDA:381,28,0,0
BRDA:381,28,1,0
BRDA:423,29,0,0
BRDA:511,30,0,0
BRDA:511,30,1,0
BRF:63
BRH:0
end_of_record
TN:
SF:followup-campaigns-simple.js
FN:3,(anonymous_0)
FNF:1
FNH:0
FNDA:0,(anonymous_0)
DA:1,0
DA:3,0
DA:4,0
DA:5,0
DA:25,0
LF:5
LH:0
BRF:0
BRH:0
end_of_record
TN:
SF:followup-campaigns.js
FN:11,toSecureResponse
FN:28,(anonymous_1)
FN:56,(anonymous_2)
FN:98,getCampaigns
FN:184,createCampaign
FN:234,getCampaignStats
FN:285,getActiveCampaigns
FN:311,getCampaign
FN:350,updateCampaign
FN:416,deleteCampaign
FN:453,activateCampaign
FN:482,deactivateCampaign
FN:511,getCampaignPerformance
FNF:13
FNH:0
FNDA:0,toSecureResponse
FNDA:0,(anonymous_1)
FNDA:0,(anonymous_2)
FNDA:0,getCampaigns
FNDA:0,createCampaign
FNDA:0,getCampaignStats
FNDA:0,getActiveCampaigns
FNDA:0,getCampaign
FNDA:0,updateCampaign
FNDA:0,deleteCampaign
FNDA:0,activateCampaign
FNDA:0,deactivateCampaign
FNDA:0,getCampaignPerformance
DA:1,0
DA:2,0
DA:3,0
DA:4,0
DA:5,0
DA:6,0
DA:12,0
DA:28,0
DA:30,0
DA:36,0
DA:37,0
DA:41,0
DA:47,0
DA:48,0
DA:51,0
DA:52,0
DA:53,0
DA:56,0
DA:57,0
DA:58,0
DA:60,0
DA:62,0
DA:64,0
DA:66,0
DA:68,0
DA:70,0
DA:72,0
DA:74,0
DA:76,0
DA:78,0
DA:80,0
DA:82,0
DA:86,0
DA:87,0
DA:100,0
DA:108,0
DA:109,0
DA:112,0
DA:122,0
DA:123,0
DA:124,0
DA:125,0
DA:127,0
DA:128,0
DA:129,0
DA:130,0
DA:133,0
DA:134,0
DA:135,0
DA:136,0
DA:139,0
DA:140,0
DA:141,0
DA:142,0
DA:146,0
DA:147,0
DA:148,0
DA:149,0
DA:152,0
DA:153,0
DA:155,0
DA:158,0
DA:159,0
DA:160,0
DA:162,0
DA:172,0
DA:173,0
DA:186,0
DA:187,0
DA:188,0
DA:191,0
DA:193,0
DA:194,0
DA:202,0
DA:217,0
DA:219,0
DA:226,0
DA:227,0
DA:236,0
DA:240,0
DA:241,0
DA:244,0
DA:246,0
DA:247,0
DA:269,0
DA:271,0
DA:277,0
DA:278,0
DA:286,0
DA:287,0
DA:295,0
DA:297,0
DA:303,0
DA:304,0
DA:313,0
DA:314,0
DA:315,0
DA:317,0
DA:318,0
DA:319,0
DA:321,0
DA:322,0
DA:326,0
DA:327,0
DA:330,0
DA:331,0
DA:333,0
DA:334,0
DA:335,0
DA:337,0
DA:342,0
DA:343,0
DA:352,0
DA:353,0
DA:354,0
DA:358,0
DA:359,0
DA:360,0
DA:363,0
DA:365,0
DA:366,0
DA:371,0
DA:372,0
DA:373,0
DA:375,0
DA:376,0
DA:377,0
DA:378,0
DA:379,0
DA:383,0
DA:384,0
DA:387,0
DA:389,0
DA:396,0
DA:398,0
DA:399,0
DA:402,0
DA:408,0
DA:409,0
DA:417,0
DA:419,0
DA:420,0
DA:422,0
DA:423,0
DA:425,0
DA:426,0
DA:432,0
DA:433,0
DA:435,0
DA:436,0
DA:439,0
DA:445,0
DA:446,0
DA:454,0
DA:455,0
DA:462,0
DA:464,0
DA:465,0
DA:468,0
DA:474,0
DA:475,0
DA:483,0
DA:484,0
DA:491,0
DA:493,0
DA:494,0
DA:497,0
DA:503,0
DA:504,0
DA:513,0
DA:514,0
DA:515,0
DA:519,0
DA:523,0
DA:524,0
DA:527,0
DA:529,0
DA:531,0
DA:532,0
DA:534,0
DA:535,0
DA:539,0
DA:560,0
DA:563,0
DA:564,0
DA:566,0
DA:574,0
DA:575,0
LF:188
LH:0
BRDA:13,0,0,0
BRDA:13,0,1,0
BRDA:16,1,0,0
BRDA:16,1,1,0
BRDA:36,2,0,0
BRDA:36,2,1,0
BRDA:47,3,0,0
BRDA:47,3,1,0
BRDA:60,4,0,0
BRDA:60,4,1,0
BRDA:60,4,2,0
BRDA:60,4,3,0
BRDA:60,4,4,0
BRDA:60,4,5,0
BRDA:60,4,6,0
BRDA:60,4,7,0
BRDA:60,4,8,0
BRDA:60,4,9,0
BRDA:60,4,10,0
BRDA:90,5,0,0
BRDA:90,5,1,0
BRDA:108,6,0,0
BRDA:108,6,1,0
BRDA:127,7,0,0
BRDA:127,7,1,0
BRDA:133,8,0,0
BRDA:133,8,1,0
BRDA:139,9,0,0
BRDA:139,9,1,0
BRDA:147,10,0,0
BRDA:147,10,1,0
BRDA:148,11,0,0
BRDA:148,11,1,0
BRDA:176,12,0,0
BRDA:176,12,1,0
BRDA:187,13,0,0
BRDA:187,13,1,0
BRDA:204,14,0,0
BRDA:204,14,1,0
BRDA:207,15,0,0
BRDA:207,15,1,0
BRDA:208,16,0,0
BRDA:208,16,1,0
BRDA:211,17,0,0
BRDA:211,17,1,0
BRDA:212,18,0,0
BRDA:212,18,1,0
BRDA:213,19,0,0
BRDA:213,19,1,0
BRDA:214,20,0,0
BRDA:214,20,1,0
BRDA:240,21,0,0
BRDA:240,21,1,0
BRDA:314,22,0,0
BRDA:314,22,1,0
BRDA:321,23,0,0
BRDA:321,23,1,0
BRDA:353,24,0,0
BRDA:353,24,1,0
BRDA:359,25,0,0
BRDA:359,25,1,0
BRDA:376,26,0,0
BRDA:376,26,1,0
BRDA:383,27,0,0
BRDA:383,27,1,0
BRDA:398,28,0,0
BRDA:398,28,1,0
BRDA:425,29,0,0
BRDA:425,29,1,0
BRDA:425,30,0,0
BRDA:425,30,1,0
BRDA:435,31,0,0
BRDA:435,31,1,0
BRDA:464,32,0,0
BRDA:464,32,1,0
BRDA:493,33,0,0
BRDA:493,33,1,0
BRDA:514,34,0,0
BRDA:514,34,1,0
BRDA:523,35,0,0
BRDA:523,35,1,0
BRDA:534,36,0,0
BRDA:534,36,1,0
BRF:83
BRH:0
end_of_record
TN:
SF:followup-rules.js
FN:10,(anonymous_0)
FN:27,(anonymous_1)
FN:69,getRules
FN:91,(anonymous_3)
FN:126,createRule
FN:171,getRulesStats
FN:213,getActiveRules
FN:231,getTriggerEvents
FN:251,getRule
FN:288,updateRule
FN:335,deleteRule
FN:363,activateRule
FN:381,deactivateRule
FN:399,testRule
FN:443,getRulePerformance
FNF:15
FNH:0
FNDA:0,(anonymous_0)
FNDA:0,(anonymous_1)
FNDA:0,getRules
FNDA:0,(anonymous_3)
FNDA:0,createRule
FNDA:0,getRulesStats
FNDA:0,getActiveRules
FNDA:0,getTriggerEvents
FNDA:0,getRule
FNDA:0,updateRule
FNDA:0,deleteRule
FNDA:0,activateRule
FNDA:0,deactivateRule
FNDA:0,testRule
FNDA:0,getRulePerformance
DA:1,0
DA:2,0
DA:3,0
DA:4,0
DA:10,0
DA:12,0
DA:18,0
DA:19,0
DA:22,0
DA:23,0
DA:24,0
DA:27,0
DA:28,0
DA:29,0
DA:31,0
DA:33,0
DA:35,0
DA:37,0
DA:39,0
DA:41,0
DA:43,0
DA:45,0
DA:47,0
DA:49,0
DA:51,0
DA:53,0
DA:55,0
DA:57,0
DA:61,0
DA:62,0
DA:70,0
DA:80,0
DA:81,0
DA:84,0
DA:87,0
DA:88,0
DA:89,0
DA:91,0
DA:92,0
DA:93,0
DA:95,0
DA:96,0
DA:97,0
DA:100,0
DA:101,0
DA:102,0
DA:106,0
DA:107,0
DA:109,0
DA:118,0
DA:119,0
DA:128,0
DA:129,0
DA:131,0
DA:134,0
DA:136,0
DA:137,0
DA:144,0
DA:148,0
DA:149,0
DA:154,0
DA:155,0
DA:157,0
DA:163,0
DA:164,0
DA:172,0
DA:174,0
DA:175,0
DA:178,0
DA:196,0
DA:198,0
DA:205,0
DA:206,0
DA:214,0
DA:215,0
DA:217,0
DA:223,0
DA:224,0
DA:232,0
DA:243,0
DA:252,0
DA:253,0
DA:255,0
DA:256,0
DA:259,0
DA:262,0
DA:263,0
DA:264,0
DA:265,0
DA:266,0
DA:271,0
DA:272,0
DA:273,0
DA:275,0
DA:280,0
DA:281,0
DA:290,0
DA:291,0
DA:293,0
DA:297,0
DA:298,0
DA:299,0
DA:301,0
DA:302,0
DA:306,0
DA:307,0
DA:311,0
DA:312,0
DA:318,0
DA:319,0
DA:321,0
DA:327,0
DA:328,0
DA:336,0
DA:338,0
DA:339,0
DA:341,0
DA:342,0
DA:347,0
DA:349,0
DA:355,0
DA:356,0
DA:364,0
DA:365,0
DA:367,0
DA:373,0
DA:374,0
DA:382,0
DA:383,0
DA:385,0
DA:391,0
DA:392,0
DA:401,0
DA:402,0
DA:404,0
DA:407,0
DA:409,0
DA:410,0
DA:411,0
DA:414,0
DA:417,0
DA:420,0
DA:421,0
DA:422,0
DA:425,0
DA:435,0
DA:436,0
DA:444,0
DA:446,0
DA:447,0
DA:449,0
DA:450,0
DA:454,0
DA:473,0
DA:475,0
DA:482,0
DA:483,0
LF:157
LH:0
BRDA:18,0,0,0
BRDA:18,0,1,0
BRDA:31,1,0,0
BRDA:31,1,1,0
BRDA:31,1,2,0
BRDA:31,1,3,0
BRDA:31,1,4,0
BRDA:31,1,5,0
BRDA:31,1,6,0
BRDA:31,1,7,0
BRDA:31,1,8,0
BRDA:31,1,9,0
BRDA:31,1,10,0
BRDA:31,1,11,0
BRDA:31,1,12,0
BRDA:73,2,0,0
BRDA:73,2,1,0
BRDA:74,3,0,0
BRDA:74,3,1,0
BRDA:75,4,0,0
BRDA:75,4,1,0
BRDA:76,5,0,0
BRDA:76,5,1,0
BRDA:77,6,0,0
BRDA:77,6,1,0
BRDA:88,7,0,0
BRDA:88,7,1,0
BRDA:89,8,0,0
BRDA:89,8,1,0
BRDA:95,9,0,0
BRDA:95,9,1,0
BRDA:95,10,0,0
BRDA:95,10,1,0
BRDA:100,11,0,0
BRDA:100,11,1,0
BRDA:101,12,0,0
BRDA:101,12,1,0
BRDA:136,13,0,0
BRDA:136,13,1,0
BRDA:136,14,0,0
BRDA:136,14,1,0
BRDA:138,15,0,0
BRDA:138,15,1,0
BRDA:139,16,0,0
BRDA:139,16,1,0
BRDA:148,17,0,0
BRDA:148,17,1,0
BRDA:172,18,0,0
BRDA:172,18,1,0
BRDA:255,19,0,0
BRDA:255,19,1,0
BRDA:262,20,0,0
BRDA:262,20,1,0
BRDA:265,21,0,0
BRDA:265,21,1,0
BRDA:301,22,0,0
BRDA:301,22,1,0
BRDA:306,23,0,0
BRDA:306,23,1,0
BRDA:311,24,0,0
BRDA:311,24,1,0
BRDA:341,25,0,0
BRDA:341,25,1,0
BRDA:410,26,0,0
BRDA:410,26,1,0
BRDA:421,27,0,0
BRDA:421,27,1,0
BRDA:422,28,0,0
BRDA:422,28,1,0
BRDA:444,29,0,0
BRDA:444,29,1,0
BRDA:449,30,0,0
BRDA:449,30,1,0
BRF:73
BRH:0
end_of_record
TN:
SF:health-check.js
FN:11,(anonymous_0)
FN:79,getBasicHealth
FN:133,getDetailedHealth
FN:192,getDatabaseHealth
FN:216,getCacheHealth
FN:240,getPerformanceMetrics
FN:264,getPrometheusMetrics
FN:290,getDetailedMemoryInfo
FN:308,formatUptime
FN:326,getDetailedUptime
FNF:10
FNH:0
FNDA:0,(anonymous_0)
FNDA:0,getBasicHealth
FNDA:0,getDetailedHealth
FNDA:0,getDatabaseHealth
FNDA:0,getCacheHealth
FNDA:0,getPerformanceMetrics
FNDA:0,getPrometheusMetrics
FNDA:0,getDetailedMemoryInfo
FNDA:0,formatUptime
FNDA:0,getDetailedUptime
DA:6,0
DA:7,0
DA:8,0
DA:9,0
DA:11,0
DA:12,0
DA:13,0
DA:14,0
DA:15,0
DA:18,0
DA:23,0
DA:24,0
DA:27,0
DA:28,0
DA:36,0
DA:39,0
DA:41,0
DA:43,0
DA:45,0
DA:47,0
DA:49,0
DA:51,0
DA:66,0
DA:67,0
DA:80,0
DA:82,0
DA:84,0
DA:85,0
DA:86,0
DA:88,0
DA:92,0
DA:94,0
DA:121,0
DA:134,0
DA:136,0
DA:137,0
DA:143,0
DA:145,0
DA:180,0
DA:193,0
DA:194,0
DA:195,0
DA:197,0
DA:205,0
DA:217,0
DA:218,0
DA:219,0
DA:221,0
DA:229,0
DA:241,0
DA:242,0
DA:243,0
DA:245,0
DA:253,0
DA:265,0
DA:266,0
DA:268,0
DA:277,0
DA:291,0
DA:293,0
DA:309,0
DA:310,0
DA:311,0
DA:312,0
DA:314,0
DA:315,0
DA:316,0
DA:317,0
DA:318,0
DA:320,0
DA:327,0
DA:328,0
DA:329,0
DA:331,0
LF:74
LH:0
BRDA:15,0,0,0
BRDA:15,0,1,0
BRDA:23,1,0,0
BRDA:23,1,1,0
BRDA:23,2,0,0
BRDA:23,2,1,0
BRDA:27,3,0,0
BRDA:27,3,1,0
BRDA:36,4,0,0
BRDA:36,4,1,0
BRDA:36,4,2,0
BRDA:36,4,3,0
BRDA:36,4,4,0
BRDA:36,4,5,0
BRDA:36,4,6,0
BRDA:36,4,7,0
BRDA:70,5,0,0
BRDA:70,5,1,0
BRDA:88,6,0,0
BRDA:88,6,1,0
BRDA:88,7,0,0
BRDA:88,7,1,0
BRDA:88,7,2,0
BRDA:101,8,0,0
BRDA:101,8,1,0
BRDA:101,9,0,0
BRDA:101,9,1,0
BRDA:102,10,0,0
BRDA:102,10,1,0
BRDA:102,11,0,0
BRDA:102,11,1,0
BRDA:154,12,0,0
BRDA:154,12,1,0
BRDA:170,13,0,0
BRDA:170,13,1,0
BRDA:300,14,0,0
BRDA:300,14,1,0
BRDA:315,15,0,0
BRDA:315,15,1,0
BRDA:316,16,0,0
BRDA:316,16,1,0
BRDA:317,17,0,0
BRDA:317,17,1,0
BRDA:318,18,0,0
BRDA:318,18,1,0
BRDA:318,19,0,0
BRDA:318,19,1,0
BRF:47
BRH:0
end_of_record
TN:
SF:interactions.js
FN:11,(anonymous_0)
FN:28,(anonymous_1)
FN:70,getCustomerTimeline
FN:105,getInteractionStats
FN:131,getInteractionSummary
FN:151,searchInteractions
FN:181,logInteraction
FN:224,logAutomatedInteraction
FN:267,logSalesInteraction
FN:311,logCustomerInteraction
FN:354,getInteractionTypes
FN:378,getInteraction
FN:399,updateInteraction
FN:470,deleteInteraction
FNF:14
FNH:0
FNDA:0,(anonymous_0)
FNDA:0,(anonymous_1)
FNDA:0,getCustomerTimeline
FNDA:0,getInteractionStats
FNDA:0,getInteractionSummary
FNDA:0,searchInteractions
FNDA:0,logInteraction
FNDA:0,logAutomatedInteraction
FNDA:0,logSalesInteraction
FNDA:0,logCustomerInteraction
FNDA:0,getInteractionTypes
FNDA:0,getInteraction
FNDA:0,updateInteraction
FNDA:0,deleteInteraction
DA:1,0
DA:2,0
DA:3,0
DA:4,0
DA:5,0
DA:11,0
DA:13,0
DA:19,0
DA:20,0
DA:23,0
DA:24,0
DA:25,0
DA:28,0
DA:29,0
DA:30,0
DA:32,0
DA:34,0
DA:36,0
DA:38,0
DA:40,0
DA:42,0
DA:44,0
DA:46,0
DA:48,0
DA:50,0
DA:52,0
DA:54,0
DA:56,0
DA:58,0
DA:62,0
DA:63,0
DA:71,0
DA:72,0
DA:73,0
DA:76,0
DA:86,0
DA:87,0
DA:89,0
DA:97,0
DA:98,0
DA:106,0
DA:107,0
DA:109,0
DA:110,0
DA:113,0
DA:114,0
DA:116,0
DA:123,0
DA:124,0
DA:132,0
DA:134,0
DA:135,0
DA:137,0
DA:143,0
DA:144,0
DA:152,0
DA:163,0
DA:164,0
DA:166,0
DA:173,0
DA:174,0
DA:183,0
DA:184,0
DA:186,0
DA:189,0
DA:191,0
DA:192,0
DA:198,0
DA:199,0
DA:202,0
DA:203,0
DA:204,0
DA:206,0
DA:210,0
DA:216,0
DA:217,0
DA:226,0
DA:227,0
DA:229,0
DA:232,0
DA:234,0
DA:235,0
DA:241,0
DA:242,0
DA:245,0
DA:246,0
DA:247,0
DA:249,0
DA:253,0
DA:259,0
DA:260,0
DA:269,0
DA:270,0
DA:272,0
DA:275,0
DA:277,0
DA:278,0
DA:285,0
DA:286,0
DA:289,0
DA:290,0
DA:291,0
DA:293,0
DA:297,0
DA:303,0
DA:304,0
DA:313,0
DA:314,0
DA:316,0
DA:319,0
DA:321,0
DA:322,0
DA:328,0
DA:329,0
DA:332,0
DA:333,0
DA:334,0
DA:336,0
DA:340,0
DA:346,0
DA:347,0
DA:355,0
DA:370,0
DA:379,0
DA:380,0
DA:382,0
DA:383,0
DA:386,0
DA:391,0
DA:392,0
DA:401,0
DA:402,0
DA:404,0
DA:408,0
DA:409,0
DA:410,0
DA:411,0
DA:413,0
DA:414,0
DA:417,0
DA:420,0
DA:427,0
DA:428,0
DA:429,0
DA:431,0
DA:432,0
DA:433,0
DA:434,0
DA:435,0
DA:439,0
DA:440,0
DA:443,0
DA:450,0
DA:452,0
DA:453,0
DA:456,0
DA:462,0
DA:463,0
DA:471,0
DA:472,0
DA:473,0
DA:475,0
DA:476,0
DA:479,0
DA:485,0
DA:486,0
LF:166
LH:0
BRDA:19,0,0,0
BRDA:19,0,1,0
BRDA:32,1,0,0
BRDA:32,1,1,0
BRDA:32,1,2,0
BRDA:32,1,3,0
BRDA:32,1,4,0
BRDA:32,1,5,0
BRDA:32,1,6,0
BRDA:32,1,7,0
BRDA:32,1,8,0
BRDA:32,1,9,0
BRDA:32,1,10,0
BRDA:32,1,11,0
BRDA:32,1,12,0
BRDA:72,2,0,0
BRDA:72,2,1,0
BRDA:77,3,0,0
BRDA:77,3,1,0
BRDA:78,4,0,0
BRDA:78,4,1,0
BRDA:79,5,0,0
BRDA:79,5,1,0
BRDA:107,6,0,0
BRDA:107,6,1,0
BRDA:109,7,0,0
BRDA:109,7,1,0
BRDA:132,8,0,0
BRDA:132,8,1,0
BRDA:153,9,0,0
BRDA:153,9,1,0
BRDA:159,10,0,0
BRDA:159,10,1,0
BRDA:160,11,0,0
BRDA:160,11,1,0
BRDA:191,12,0,0
BRDA:191,12,1,0
BRDA:191,13,0,0
BRDA:191,13,1,0
BRDA:193,14,0,0
BRDA:193,14,1,0
BRDA:194,15,0,0
BRDA:194,15,1,0
BRDA:234,16,0,0
BRDA:234,16,1,0
BRDA:234,17,0,0
BRDA:234,17,1,0
BRDA:236,18,0,0
BRDA:236,18,1,0
BRDA:237,19,0,0
BRDA:237,19,1,0
BRDA:277,20,0,0
BRDA:277,20,1,0
BRDA:277,21,0,0
BRDA:277,21,1,0
BRDA:277,21,2,0
BRDA:279,22,0,0
BRDA:279,22,1,0
BRDA:280,23,0,0
BRDA:280,23,1,0
BRDA:281,24,0,0
BRDA:281,24,1,0
BRDA:321,25,0,0
BRDA:321,25,1,0
BRDA:321,26,0,0
BRDA:321,26,1,0
BRDA:323,27,0,0
BRDA:323,27,1,0
BRDA:324,28,0,0
BRDA:324,28,1,0
BRDA:382,29,0,0
BRDA:382,29,1,0
BRDA:382,30,0,0
BRDA:382,30,1,0
BRDA:413,31,0,0
BRDA:413,31,1,0
BRDA:432,32,0,0
BRDA:432,32,1,0
BRDA:439,33,0,0
BRDA:439,33,1,0
BRDA:452,34,0,0
BRDA:452,34,1,0
BRDA:475,35,0,0
BRDA:475,35,1,0
BRF:84
BRH:0
end_of_record
TN:
SF:inventory-advanced.js
FN:4,(anonymous_0)
FN:35,(anonymous_1)
FN:44,(anonymous_2)
FN:73,(anonymous_3)
FN:82,(anonymous_4)
FN:91,(anonymous_5)
FN:100,(anonymous_6)
FN:109,(anonymous_7)
FN:110,(anonymous_8)
FN:130,(anonymous_9)
FN:131,(anonymous_10)
FN:206,(anonymous_11)
FNF:12
FNH:0
FNDA:0,(anonymous_0)
FNDA:0,(anonymous_1)
FNDA:0,(anonymous_2)
FNDA:0,(anonymous_3)
FNDA:0,(anonymous_4)
FNDA:0,(anonymous_5)
FNDA:0,(anonymous_6)
FNDA:0,(anonymous_7)
FNDA:0,(anonymous_8)
FNDA:0,(anonymous_9)
FNDA:0,(anonymous_10)
FNDA:0,(anonymous_11)
DA:1,0
DA:2,0
DA:4,0
DA:6,0
DA:7,0
DA:10,0
DA:12,0
DA:13,0
DA:14,0
DA:15,0
DA:18,0
DA:27,0
DA:28,0
DA:29,0
DA:32,0
DA:33,0
DA:34,0
DA:35,0
DA:36,0
DA:41,0
DA:42,0
DA:43,0
DA:44,0
DA:45,0
DA:50,0
DA:51,0
DA:52,0
DA:54,0
DA:55,0
DA:56,0
DA:60,0
DA:61,0
DA:62,0
DA:64,0
DA:65,0
DA:66,0
DA:70,0
DA:71,0
DA:72,0
DA:73,0
DA:74,0
DA:79,0
DA:80,0
DA:81,0
DA:82,0
DA:83,0
DA:88,0
DA:89,0
DA:90,0
DA:91,0
DA:92,0
DA:97,0
DA:98,0
DA:99,0
DA:100,0
DA:101,0
DA:106,0
DA:107,0
DA:108,0
DA:109,0
DA:110,0
DA:111,0
DA:116,0
DA:117,0
DA:124,0
DA:125,0
DA:129,0
DA:130,0
DA:131,0
DA:133,0
DA:135,0
DA:136,0
DA:140,0
DA:141,0
DA:142,0
DA:146,0
DA:147,0
DA:148,0
DA:150,0
DA:151,0
DA:153,0
DA:154,0
DA:156,0
DA:157,0
DA:159,0
DA:160,0
DA:162,0
DA:163,0
DA:165,0
DA:166,0
DA:168,0
DA:169,0
DA:171,0
DA:174,0
DA:178,0
DA:181,0
DA:182,0
DA:185,0
DA:188,0
DA:189,0
DA:191,0
DA:207,0
DA:208,0
DA:213,0
DA:214,0
LF:105
LH:0
BRDA:6,0,0,0
BRDA:6,0,1,0
BRDA:12,1,0,0
BRDA:12,1,1,0
BRDA:13,2,0,0
BRDA:13,2,1,0
BRDA:14,3,0,0
BRDA:14,3,1,0
BRDA:32,4,0,0
BRDA:32,4,1,0
BRDA:34,5,0,0
BRDA:34,5,1,0
BRDA:41,6,0,0
BRDA:41,6,1,0
BRDA:43,7,0,0
BRDA:43,7,1,0
BRDA:50,8,0,0
BRDA:50,8,1,0
BRDA:54,9,0,0
BRDA:54,9,1,0
BRDA:60,10,0,0
BRDA:60,10,1,0
BRDA:64,11,0,0
BRDA:64,11,1,0
BRDA:70,12,0,0
BRDA:70,12,1,0
BRDA:72,13,0,0
BRDA:72,13,1,0
BRDA:79,14,0,0
BRDA:79,14,1,0
BRDA:81,15,0,0
BRDA:81,15,1,0
BRDA:88,16,0,0
BRDA:88,16,1,0
BRDA:90,17,0,0
BRDA:90,17,1,0
BRDA:97,18,0,0
BRDA:97,18,1,0
BRDA:99,19,0,0
BRDA:99,19,1,0
BRDA:106,20,0,0
BRDA:106,20,1,0
BRDA:108,21,0,0
BRDA:108,21,1,0
BRDA:116,22,0,0
BRDA:116,22,1,0
BRDA:133,23,0,0
BRDA:133,23,1,0
BRDA:141,24,0,0
BRDA:141,24,1,0
BRDA:146,25,0,0
BRDA:146,25,1,0
BRDA:148,26,0,0
BRDA:148,26,1,0
BRDA:148,26,2,0
BRDA:148,26,3,0
BRDA:148,26,4,0
BRDA:148,26,5,0
BRDA:148,26,6,0
BRDA:148,26,7,0
BRDA:188,27,0,0
BRDA:188,27,1,0
BRF:62
BRH:0
end_of_record
TN:
SF:inventory-api.js
FN:11,(anonymous_0)
FN:137,(anonymous_1)
FN:174,(anonymous_2)
FN:299,parseInventoryApiResponse
FN:310,(anonymous_4)
FN:340,parseVehicle
FN:353,(anonymous_6)
FN:367,(anonymous_7)
FN:381,(anonymous_8)
FN:393,(anonymous_9)
FN:419,(anonymous_10)
FN:430,(anonymous_11)
FN:455,validateVehicle
FN:505,filterInventory
FN:506,(anonymous_14)
FNF:15
FNH:0
FNDA:0,(anonymous_0)
FNDA:0,(anonymous_1)
FNDA:0,(anonymous_2)
FNDA:0,parseInventoryApiResponse
FNDA:0,(anonymous_4)
FNDA:0,parseVehicle
FNDA:0,(anonymous_6)
FNDA:0,(anonymous_7)
FNDA:0,(anonymous_8)
FNDA:0,(anonymous_9)
FNDA:0,(anonymous_10)
FNDA:0,(anonymous_11)
FNDA:0,validateVehicle
FNDA:0,filterInventory
FNDA:0,(anonymous_14)
DA:1,0
DA:2,0
DA:5,0
DA:11,0
DA:12,0
DA:14,0
DA:16,0
DA:19,0
DA:20,0
DA:21,0
DA:23,0
DA:24,0
DA:35,0
DA:38,0
DA:40,0
DA:132,0
DA:133,0
DA:134,0
DA:136,0
DA:137,0
DA:139,0
DA:149,0
DA:152,0
DA:153,0
DA:157,0
DA:158,0
DA:161,0
DA:162,0
DA:165,0
DA:166,0
DA:167,0
DA:171,0
DA:172,0
DA:173,0
DA:174,0
DA:180,0
DA:181,0
DA:182,0
DA:187,0
DA:188,0
DA:190,0
DA:194,0
DA:195,0
DA:198,0
DA:199,0
DA:201,0
DA:202,0
DA:213,0
DA:216,0
DA:217,0
DA:219,0
DA:223,0
DA:230,0
DA:232,0
DA:233,0
DA:236,0
DA:246,0
DA:247,0
DA:248,0
DA:251,0
DA:252,0
DA:254,0
DA:255,0
DA:256,0
DA:257,0
DA:258,0
DA:259,0
DA:260,0
DA:261,0
DA:262,0
DA:266,0
DA:267,0
DA:268,0
DA:269,0
DA:270,0
DA:272,0
DA:283,0
DA:300,0
DA:302,0
DA:304,0
DA:305,0
DA:306,0
DA:310,0
DA:311,0
DA:313,0
DA:314,0
DA:315,0
DA:318,0
DA:321,0
DA:322,0
DA:324,0
DA:328,0
DA:334,0
DA:337,0
DA:341,0
DA:344,0
DA:345,0
DA:346,0
DA:347,0
DA:350,0
DA:351,0
DA:353,0
DA:354,0
DA:356,0
DA:358,0
DA:359,0
DA:364,0
DA:365,0
DA:367,0
DA:368,0
DA:370,0
DA:372,0
DA:373,0
DA:378,0
DA:379,0
DA:381,0
DA:382,0
DA:384,0
DA:385,0
DA:390,0
DA:391,0
DA:393,0
DA:394,0
DA:396,0
DA:397,0
DA:402,0
DA:403,0
DA:404,0
DA:405,0
DA:406,0
DA:408,0
DA:409,0
DA:410,0
DA:411,0
DA:417,0
DA:418,0
DA:419,0
DA:420,0
DA:422,0
DA:423,0
DA:428,0
DA:429,0
DA:430,0
DA:431,0
DA:433,0
DA:434,0
DA:438,0
DA:457,0
DA:458,0
DA:459,0
DA:462,0
DA:463,0
DA:464,0
DA:467,0
DA:468,0
DA:469,0
DA:472,0
DA:473,0
DA:474,0
DA:478,0
DA:479,0
DA:480,0
DA:484,0
DA:485,0
DA:486,0
DA:490,0
DA:491,0
DA:494,0
DA:495,0
DA:498,0
DA:499,0
DA:502,0
DA:506,0
DA:508,0
DA:509,0
DA:513,0
DA:514,0
DA:518,0
DA:519,0
DA:523,0
DA:524,0
DA:526,0
DA:527,0
DA:530,0
LF:184
LH:0
BRDA:16,0,0,0
BRDA:16,0,1,0
BRDA:20,1,0,0
BRDA:20,1,1,0
BRDA:20,2,0,0
BRDA:20,2,1,0
BRDA:152,3,0,0
BRDA:152,3,1,0
BRDA:165,4,0,0
BRDA:165,4,1,0
BRDA:171,5,0,0
BRDA:171,5,1,0
BRDA:180,6,0,0
BRDA:180,6,1,0
BRDA:180,7,0,0
BRDA:180,7,1,0
BRDA:181,8,0,0
BRDA:181,8,1,0
BRDA:194,9,0,0
BRDA:194,9,1,0
BRDA:194,10,0,0
BRDA:194,10,1,0
BRDA:198,11,0,0
BRDA:198,11,1,0
BRDA:198,12,0,0
BRDA:198,12,1,0
BRDA:216,13,0,0
BRDA:216,13,1,0
BRDA:254,14,0,0
BRDA:254,14,1,0
BRDA:254,15,0,0
BRDA:254,15,1,0
BRDA:257,16,0,0
BRDA:257,16,1,0
BRDA:260,17,0,0
BRDA:260,17,1,0
BRDA:267,18,0,0
BRDA:267,18,1,0
BRDA:267,19,0,0
BRDA:267,19,1,0
BRDA:269,20,0,0
BRDA:269,20,1,0
BRDA:304,21,0,0
BRDA:304,21,1,0
BRDA:304,22,0,0
BRDA:304,22,1,0
BRDA:304,22,2,0
BRDA:313,23,0,0
BRDA:313,23,1,0
BRDA:313,24,0,0
BRDA:313,24,1,0
BRDA:321,25,0,0
BRDA:321,25,1,0
BRDA:341,26,0,0
BRDA:341,26,1,0
BRDA:341,26,2,0
BRDA:341,26,3,0
BRDA:344,27,0,0
BRDA:344,27,1,0
BRDA:345,28,0,0
BRDA:345,28,1,0
BRDA:346,29,0,0
BRDA:346,29,1,0
BRDA:347,30,0,0
BRDA:347,30,1,0
BRDA:347,30,2,0
BRDA:351,31,0,0
BRDA:351,31,1,0
BRDA:351,32,0,0
BRDA:351,32,1,0
BRDA:351,32,2,0
BRDA:354,33,0,0
BRDA:354,33,1,0
BRDA:356,34,0,0
BRDA:356,34,1,0
BRDA:356,35,0,0
BRDA:356,35,1,0
BRDA:359,36,0,0
BRDA:359,36,1,0
BRDA:365,37,0,0
BRDA:365,37,1,0
BRDA:368,38,0,0
BRDA:368,38,1,0
BRDA:370,39,0,0
BRDA:370,39,1,0
BRDA:370,40,0,0
BRDA:370,40,1,0
BRDA:373,41,0,0
BRDA:373,41,1,0
BRDA:379,42,0,0
BRDA:379,42,1,0
BRDA:382,43,0,0
BRDA:382,43,1,0
BRDA:384,44,0,0
BRDA:384,44,1,0
BRDA:384,45,0,0
BRDA:384,45,1,0
BRDA:391,46,0,0
BRDA:391,46,1,0
BRDA:396,47,0,0
BRDA:396,47,1,0
BRDA:396,48,0,0
BRDA:396,48,1,0
BRDA:403,49,0,0
BRDA:403,49,1,0
BRDA:403,50,0,0
BRDA:403,50,1,0
BRDA:403,50,2,0
BRDA:405,51,0,0
BRDA:405,51,1,0
BRDA:405,52,0,0
BRDA:405,52,1,0
BRDA:408,53,0,0
BRDA:408,53,1,0
BRDA:410,54,0,0
BRDA:410,54,1,0
BRDA:417,55,0,0
BRDA:417,55,1,0
BRDA:418,56,0,0
BRDA:418,56,1,0
BRDA:418,57,0,0
BRDA:418,57,1,0
BRDA:420,58,0,0
BRDA:420,58,1,0
BRDA:422,59,0,0
BRDA:422,59,1,0
BRDA:422,60,0,0
BRDA:422,60,1,0
BRDA:428,61,0,0
BRDA:428,61,1,0
BRDA:429,62,0,0
BRDA:429,62,1,0
BRDA:429,63,0,0
BRDA:429,63,1,0
BRDA:431,64,0,0
BRDA:431,64,1,0
BRDA:433,65,0,0
BRDA:433,65,1,0
BRDA:433,66,0,0
BRDA:433,66,1,0
BRDA:451,67,0,0
BRDA:451,67,1,0
BRDA:457,68,0,0
BRDA:457,68,1,0
BRDA:457,69,0,0
BRDA:457,69,1,0
BRDA:462,70,0,0
BRDA:462,70,1,0
BRDA:462,71,0,0
BRDA:462,71,1,0
BRDA:462,71,2,0
BRDA:467,72,0,0
BRDA:467,72,1,0
BRDA:467,73,0,0
BRDA:467,73,1,0
BRDA:472,74,0,0
BRDA:472,74,1,0
BRDA:472,75,0,0
BRDA:472,75,1,0
BRDA:478,76,0,0
BRDA:478,76,1,0
BRDA:478,77,0,0
BRDA:478,77,1,0
BRDA:478,77,2,0
BRDA:484,78,0,0
BRDA:484,78,1,0
BRDA:484,79,0,0
BRDA:484,79,1,0
BRDA:484,79,2,0
BRDA:490,80,0,0
BRDA:490,80,1,0
BRDA:494,81,0,0
BRDA:494,81,1,0
BRDA:498,82,0,0
BRDA:498,82,1,0
BRDA:508,83,0,0
BRDA:508,83,1,0
BRDA:508,84,0,0
BRDA:508,84,1,0
BRDA:508,84,2,0
BRDA:513,85,0,0
BRDA:513,85,1,0
BRDA:513,86,0,0
BRDA:513,86,1,0
BRDA:513,86,2,0
BRDA:518,87,0,0
BRDA:518,87,1,0
BRDA:518,88,0,0
BRDA:518,88,1,0
BRDA:523,89,0,0
BRDA:523,89,1,0
BRDA:523,90,0,0
BRDA:523,90,1,0
BRDA:526,91,0,0
BRDA:526,91,1,0
BRDA:526,92,0,0
BRDA:526,92,1,0
BRF:197
BRH:0
end_of_record
TN:
SF:inventory-fetch.js
FN:4,(anonymous_0)
FN:84,extractVehicleDataFromHTML
FN:104,(anonymous_2)
FN:134,validateVehicleData
FN:162,extractVehicleInfo
FNF:5
FNH:0
FNDA:0,(anonymous_0)
FNDA:0,extractVehicleDataFromHTML
FNDA:0,(anonymous_2)
FNDA:0,validateVehicleData
FNDA:0,extractVehicleInfo
DA:1,0
DA:2,0
DA:4,0
DA:5,0
DA:7,0
DA:8,0
DA:11,0
DA:16,0
DA:17,0
DA:19,0
DA:20,0
DA:23,0
DA:25,0
DA:32,0
DA:33,0
DA:38,0
DA:40,0
DA:41,0
DA:44,0
DA:45,0
DA:49,0
DA:66,0
DA:69,0
DA:85,0
DA:86,0
DA:88,0
DA:91,0
DA:94,0
DA:97,0
DA:98,0
DA:102,0
DA:103,0
DA:104,0
DA:106,0
DA:107,0
DA:111,0
DA:113,0
DA:114,0
DA:115,0
DA:116,0
DA:118,0
DA:119,0
DA:121,0
DA:125,0
DA:129,0
DA:131,0
DA:136,0
DA:137,0
DA:141,0
DA:143,0
DA:147,0
DA:148,0
DA:149,0
DA:150,0
DA:155,0
DA:156,0
DA:159,0
DA:166,0
DA:167,0
DA:175,0
DA:176,0
DA:177,0
DA:178,0
DA:179,0
DA:180,0
DA:185,0
DA:186,0
DA:187,0
DA:188,0
DA:189,0
DA:194,0
DA:195,0
DA:202,0
DA:203,0
DA:204,0
DA:205,0
DA:207,0
DA:208,0
DA:213,0
DA:214,0
DA:215,0
DA:216,0
DA:217,0
DA:222,0
DA:223,0
DA:232,0
DA:233,0
DA:234,0
DA:235,0
DA:236,0
DA:239,0
DA:241,0
DA:249,0
DA:251,0
DA:254,0
DA:257,0
DA:258,0
DA:264,0
DA:265,0
DA:266,0
DA:267,0
DA:268,0
DA:269,0
DA:270,0
DA:271,0
DA:273,0
DA:275,0
DA:280,0
DA:281,0
DA:287,0
DA:288,0
DA:289,0
DA:290,0
DA:291,0
DA:296,0
DA:301,0
LF:116
LH:0
BRDA:7,0,0,0
BRDA:7,0,1,0
BRDA:8,1,0,0
BRDA:8,2,0,0
BRDA:8,3,0,0
BRDA:8,4,0,0
BRDA:19,5,0,0
BRDA:19,5,1,0
BRDA:32,6,0,0
BRDA:32,6,1,0
BRDA:38,7,0,0
BRDA:38,7,1,0
BRDA:40,8,0,0
BRDA:40,8,1,0
BRDA:57,9,0,0
BRDA:57,9,1,0
BRDA:58,10,0,0
BRDA:58,10,1,0
BRDA:59,11,0,0
BRDA:59,11,1,0
BRDA:97,12,0,0
BRDA:97,12,1,0
BRDA:102,13,0,0
BRDA:102,13,1,0
BRDA:107,14,0,0
BRDA:107,14,1,0
BRDA:107,14,2,0
BRDA:116,15,0,0
BRDA:116,15,1,0
BRDA:116,16,0,0
BRDA:116,16,1,0
BRDA:116,16,2,0
BRDA:118,17,0,0
BRDA:118,17,1,0
BRDA:136,18,0,0
BRDA:136,18,1,0
BRDA:136,19,0,0
BRDA:136,19,1,0
BRDA:141,20,0,0
BRDA:141,20,1,0
BRDA:141,21,0,0
BRDA:141,21,1,0
BRDA:147,22,0,0
BRDA:147,22,1,0
BRDA:147,23,0,0
BRDA:147,23,1,0
BRDA:149,24,0,0
BRDA:149,24,1,0
BRDA:155,25,0,0
BRDA:155,25,1,0
BRDA:155,26,0,0
BRDA:155,26,1,0
BRDA:155,26,2,0
BRDA:177,27,0,0
BRDA:177,27,1,0
BRDA:180,28,0,0
BRDA:180,28,1,0
BRDA:180,29,0,0
BRDA:180,29,1,0
BRDA:185,30,0,0
BRDA:185,30,1,0
BRDA:185,31,0,0
BRDA:185,31,1,0
BRDA:188,32,0,0
BRDA:188,32,1,0
BRDA:204,33,0,0
BRDA:204,33,1,0
BRDA:208,34,0,0
BRDA:208,34,1,0
BRDA:208,35,0,0
BRDA:208,35,1,0
BRDA:208,35,2,0
BRDA:213,36,0,0
BRDA:213,36,1,0
BRDA:216,37,0,0
BRDA:216,37,1,0
BRDA:235,38,0,0
BRDA:235,38,1,0
BRDA:235,38,2,0
BRDA:236,39,0,0
BRDA:236,39,1,0
BRDA:239,40,0,0
BRDA:239,40,1,0
BRDA:239,41,0,0
BRDA:239,41,1,0
BRDA:239,41,2,0
BRDA:239,41,3,0
BRDA:239,41,4,0
BRDA:249,42,0,0
BRDA:249,42,1,0
BRDA:251,43,0,0
BRDA:251,43,1,0
BRDA:254,44,0,0
BRDA:254,44,1,0
BRDA:266,45,0,0
BRDA:266,45,1,0
BRDA:267,46,0,0
BRDA:267,46,1,0
BRDA:269,47,0,0
BRDA:269,47,1,0
BRDA:270,48,0,0
BRDA:270,48,1,0
BRDA:273,49,0,0
BRDA:273,49,1,0
BRDA:275,50,0,0
BRDA:275,50,1,0
BRDA:289,51,0,0
BRDA:289,51,1,0
BRDA:290,52,0,0
BRDA:290,52,1,0
BRDA:291,53,0,0
BRDA:291,53,1,0
BRDA:291,54,0,0
BRDA:291,54,1,0
BRDA:296,55,0,0
BRDA:296,55,1,0
BRDA:296,55,2,0
BRDA:296,55,3,0
BRDA:302,56,0,0
BRDA:302,56,1,0
BRDA:303,57,0,0
BRDA:303,57,1,0
BRDA:304,58,0,0
BRDA:304,58,1,0
BRDA:306,59,0,0
BRDA:306,59,1,0
BRDA:307,60,0,0
BRDA:307,60,1,0
BRF:128
BRH:0
end_of_record
TN:
SF:inventory-proxy.js
FN:4,(anonymous_0)
FN:34,(anonymous_1)
FN:43,(anonymous_2)
FN:72,(anonymous_3)
FN:81,(anonymous_4)
FN:90,(anonymous_5)
FN:99,(anonymous_6)
FN:119,(anonymous_7)
FN:120,(anonymous_8)
FN:188,(anonymous_9)
FNF:10
FNH:0
FNDA:0,(anonymous_0)
FNDA:0,(anonymous_1)
FNDA:0,(anonymous_2)
FNDA:0,(anonymous_3)
FNDA:0,(anonymous_4)
FNDA:0,(anonymous_5)
FNDA:0,(anonymous_6)
FNDA:0,(anonymous_7)
FNDA:0,(anonymous_8)
FNDA:0,(anonymous_9)
DA:1,0
DA:2,0
DA:4,0
DA:6,0
DA:7,0
DA:10,0
DA:12,0
DA:13,0
DA:14,0
DA:17,0
DA:26,0
DA:27,0
DA:28,0
DA:31,0
DA:32,0
DA:33,0
DA:34,0
DA:35,0
DA:40,0
DA:41,0
DA:42,0
DA:43,0
DA:44,0
DA:49,0
DA:50,0
DA:51,0
DA:53,0
DA:54,0
DA:55,0
DA:59,0
DA:60,0
DA:61,0
DA:63,0
DA:64,0
DA:65,0
DA:69,0
DA:70,0
DA:71,0
DA:72,0
DA:73,0
DA:78,0
DA:79,0
DA:80,0
DA:81,0
DA:82,0
DA:87,0
DA:88,0
DA:89,0
DA:90,0
DA:91,0
DA:96,0
DA:97,0
DA:98,0
DA:99,0
DA:100,0
DA:105,0
DA:106,0
DA:113,0
DA:114,0
DA:118,0
DA:119,0
DA:120,0
DA:122,0
DA:124,0
DA:125,0
DA:129,0
DA:130,0
DA:131,0
DA:135,0
DA:136,0
DA:137,0
DA:139,0
DA:140,0
DA:142,0
DA:143,0
DA:145,0
DA:146,0
DA:148,0
DA:149,0
DA:151,0
DA:152,0
DA:154,0
DA:155,0
DA:157,0
DA:158,0
DA:160,0
DA:163,0
DA:167,0
DA:169,0
DA:172,0
DA:174,0
DA:188,0
DA:195,0
DA:196,0
LF:94
LH:0
BRDA:6,0,0,0
BRDA:6,0,1,0
BRDA:12,1,0,0
BRDA:12,1,1,0
BRDA:13,2,0,0
BRDA:13,2,1,0
BRDA:14,3,0,0
BRDA:14,3,1,0
BRDA:31,4,0,0
BRDA:31,4,1,0
BRDA:33,5,0,0
BRDA:33,5,1,0
BRDA:40,6,0,0
BRDA:40,6,1,0
BRDA:42,7,0,0
BRDA:42,7,1,0
BRDA:49,8,0,0
BRDA:49,8,1,0
BRDA:53,9,0,0
BRDA:53,9,1,0
BRDA:59,10,0,0
BRDA:59,10,1,0
BRDA:63,11,0,0
BRDA:63,11,1,0
BRDA:69,12,0,0
BRDA:69,12,1,0
BRDA:71,13,0,0
BRDA:71,13,1,0
BRDA:78,14,0,0
BRDA:78,14,1,0
BRDA:80,15,0,0
BRDA:80,15,1,0
BRDA:87,16,0,0
BRDA:87,16,1,0
BRDA:89,17,0,0
BRDA:89,17,1,0
BRDA:96,18,0,0
BRDA:96,18,1,0
BRDA:98,19,0,0
BRDA:98,19,1,0
BRDA:105,20,0,0
BRDA:105,20,1,0
BRDA:122,21,0,0
BRDA:122,21,1,0
BRDA:130,22,0,0
BRDA:130,22,1,0
BRDA:135,23,0,0
BRDA:135,23,1,0
BRDA:137,24,0,0
BRDA:137,24,1,0
BRDA:137,24,2,0
BRDA:137,24,3,0
BRDA:137,24,4,0
BRDA:137,24,5,0
BRDA:137,24,6,0
BRDA:137,24,7,0
BRDA:172,25,0,0
BRDA:172,25,1,0
BRF:58
BRH:0
end_of_record
TN:
SF:inventory-sync.js
FN:9,(anonymous_0)
FN:49,(anonymous_1)
FNF:2
FNH:0
FNDA:0,(anonymous_0)
FNDA:0,(anonymous_1)
DA:1,0
DA:2,0
DA:3,0
DA:4,0
DA:6,0
DA:7,0
DA:9,0
DA:11,0
DA:12,0
DA:16,0
DA:17,0
DA:18,0
DA:21,0
DA:23,0
DA:30,0
DA:31,0
DA:34,0
DA:35,0
DA:37,0
DA:40,0
DA:49,0
DA:52,0
DA:53,0
DA:54,0
DA:56,0
DA:57,0
DA:59,0
DA:60,0
DA:61,0
DA:64,0
DA:65,0
DA:67,0
DA:71,0
DA:76,0
DA:78,0
DA:79,0
DA:85,0
DA:89,0
DA:90,0
DA:91,0
DA:95,0
DA:96,0
DA:99,0
DA:127,0
DA:128,0
DA:129,0
DA:133,0
DA:134,0
DA:136,0
DA:137,0
DA:139,0
DA:142,0
DA:143,0
DA:147,0
DA:157,0
DA:159,0
LF:56
LH:0
BRDA:6,0,0,0
BRDA:6,0,1,0
BRDA:11,1,0,0
BRDA:11,1,1,0
BRDA:16,2,0,0
BRDA:16,2,1,0
BRDA:17,3,0,0
BRDA:17,3,1,0
BRDA:30,4,0,0
BRDA:30,4,1,0
BRDA:35,5,0,0
BRDA:35,5,1,0
BRDA:53,6,0,0
BRDA:53,6,1,0
BRDA:57,7,0,0
BRDA:57,7,1,0
BRDA:64,8,0,0
BRDA:64,8,1,0
BRDA:64,9,0,0
BRDA:64,9,1,0
BRDA:100,10,0,0
BRDA:100,10,1,0
BRDA:103,11,0,0
BRDA:103,11,1,0
BRDA:104,12,0,0
BRDA:104,12,1,0
BRDA:108,13,0,0
BRDA:108,13,1,0
BRDA:110,14,0,0
BRDA:110,14,1,0
BRDA:111,15,0,0
BRDA:111,15,1,0
BRDA:112,16,0,0
BRDA:112,16,1,0
BRDA:113,17,0,0
BRDA:113,17,1,0
BRDA:114,18,0,0
BRDA:114,18,1,0
BRDA:115,19,0,0
BRDA:115,19,1,0
BRDA:116,20,0,0
BRDA:116,20,1,0
BRDA:117,21,0,0
BRDA:117,21,1,0
BRDA:118,22,0,0
BRDA:118,22,1,0
BRDA:119,23,0,0
BRDA:119,23,1,0
BRDA:120,24,0,0
BRDA:120,24,1,0
BRDA:121,25,0,0
BRDA:121,25,1,0
BRDA:122,26,0,0
BRDA:122,26,1,0
BRDA:123,27,0,0
BRDA:123,27,1,0
BRDA:128,28,0,0
BRDA:128,28,1,0
BRDA:136,29,0,0
BRDA:136,29,1,0
BRF:60
BRH:0
end_of_record
TN:
SF:lead-api.js
FNF:0
FNH:0
LF:0
LH:0
BRF:0
BRH:0
end_of_record
TN:
SF:lead-assignments.js
FN:10,(anonymous_0)
FN:48,getAssignmentAnalytics
FN:68,rebalanceAssignments
FN:86,manualAssignLead
FN:141,getUnassignedLeads
FN:148,(anonymous_5)
FNF:6
FNH:0
FNDA:0,(anonymous_0)
FNDA:0,getAssignmentAnalytics
FNDA:0,rebalanceAssignments
FNDA:0,manualAssignLead
FNDA:0,getUnassignedLeads
FNDA:0,(anonymous_5)
DA:1,0
DA:2,0
DA:3,0
DA:4,0
DA:10,0
DA:12,0
DA:18,0
DA:19,0
DA:22,0
DA:23,0
DA:24,0
DA:26,0
DA:28,0
DA:30,0
DA:32,0
DA:34,0
DA:36,0
DA:40,0
DA:41,0
DA:49,0
DA:51,0
DA:52,0
DA:54,0
DA:60,0
DA:61,0
DA:69,0
DA:70,0
DA:72,0
DA:78,0
DA:79,0
DA:88,0
DA:89,0
DA:91,0
DA:94,0
DA:96,0
DA:97,0
DA:103,0
DA:105,0
DA:106,0
DA:107,0
DA:110,0
DA:111,0
DA:115,0
DA:121,0
DA:133,0
DA:134,0
DA:142,0
DA:144,0
DA:145,0
DA:148,0
DA:161,0
DA:168,0
DA:169,0
LF:53
LH:0
BRDA:18,0,0,0
BRDA:18,0,1,0
BRDA:26,1,0,0
BRDA:26,1,1,0
BRDA:26,1,2,0
BRDA:26,1,3,0
BRDA:26,1,4,0
BRDA:49,2,0,0
BRDA:49,2,1,0
BRDA:94,3,0,0
BRDA:96,4,0,0
BRDA:96,4,1,0
BRDA:96,5,0,0
BRDA:96,5,1,0
BRDA:98,6,0,0
BRDA:98,6,1,0
BRDA:99,7,0,0
BRDA:99,7,1,0
BRDA:106,8,0,0
BRDA:106,8,1,0
BRDA:110,9,0,0
BRDA:110,9,1,0
BRDA:142,10,0,0
BRDA:142,10,1,0
BRF:24
BRH:0
end_of_record
TN:
SF:lead-duplicates.js
FN:10,(anonymous_0)
FNF:1
FNH:0
FNDA:0,(anonymous_0)
DA:1,0
DA:2,0
DA:3,0
DA:4,0
DA:10,0
DA:12,0
DA:13,0
DA:16,0
DA:17,0
DA:19,0
DA:21,0
DA:22,0
DA:24,0
DA:27,0
DA:28,0
DA:30,0
DA:33,0
DA:34,0
DA:37,0
DA:45,0
DA:54,0
DA:55,0
LF:22
LH:0
BRDA:12,0,0,0
BRDA:12,0,1,0
BRDA:19,1,0,0
BRDA:19,1,1,0
BRDA:24,2,0,0
BRDA:24,2,1,0
BRDA:33,3,0,0
BRDA:33,3,1,0
BRF:8
BRH:0
end_of_record
TN:
SF:lead-form.js
FN:3,(anonymous_0)
FN:77,sendEmailNotification
FN:107,(anonymous_2)
FN:124,saveToCRM
FNF:4
FNH:0
FNDA:0,(anonymous_0)
FNDA:0,sendEmailNotification
FNDA:0,(anonymous_2)
FNDA:0,saveToCRM
DA:1,0
DA:3,0
DA:5,0
DA:6,0
DA:11,0
DA:12,0
DA:14,0
DA:18,0
DA:20,0
DA:21,0
DA:27,0
DA:29,0
DA:30,0
DA:32,0
DA:34,0
DA:35,0
DA:36,0
DA:38,0
DA:39,0
DA:40,0
DA:42,0
DA:43,0
DA:44,0
DA:48,0
DA:49,0
DA:53,0
DA:56,0
DA:64,0
DA:66,0
DA:78,0
DA:81,0
DA:92,0
DA:99,0
DA:100,0
DA:104,0
DA:105,0
DA:106,0
DA:107,0
DA:108,0
DA:113,0
DA:120,0
DA:125,0
DA:128,0
DA:129,0
DA:148,0
DA:149,0
DA:152,0
DA:154,0
DA:156,0
LF:49
LH:0
BRDA:5,0,0,0
BRDA:5,0,1,0
BRDA:20,1,0,0
BRDA:20,1,1,0
BRDA:20,2,0,0
BRDA:20,2,1,0
BRDA:20,2,2,0
BRDA:29,3,0,0
BRDA:29,3,1,0
BRDA:32,4,0,0
BRDA:32,4,1,0
BRDA:32,4,2,0
BRDA:34,5,0,0
BRDA:34,5,1,0
BRDA:38,6,0,0
BRDA:38,6,1,0
BRDA:42,7,0,0
BRDA:42,7,1,0
BRDA:48,8,0,0
BRDA:48,8,1,0
BRDA:83,9,0,0
BRDA:83,9,1,0
BRDA:99,10,0,0
BRDA:99,10,1,0
BRDA:105,11,0,0
BRDA:105,11,1,0
BRDA:114,12,0,0
BRDA:114,12,1,0
BRDA:137,13,0,0
BRDA:137,13,1,0
BRDA:148,14,0,0
BRDA:148,14,1,0
BRF:32
BRH:0
end_of_record
TN:
SF:lead-management.js
FN:7,(anonymous_0)
FNF:1
FNH:0
FNDA:0,(anonymous_0)
DA:1,0
DA:2,0
DA:3,0
DA:4,0
DA:5,0
DA:7,0
DA:9,0
DA:10,0
DA:13,0
DA:16,0
DA:17,0
DA:19,0
DA:23,0
DA:24,0
DA:32,0
DA:33,0
DA:38,0
DA:39,0
DA:40,0
DA:43,0
DA:54,0
DA:74,0
DA:75,0
DA:84,0
DA:89,0
DA:91,0
DA:92,0
DA:94,0
DA:99,0
DA:104,0
LF:30
LH:0
BRDA:9,0,0,0
BRDA:9,0,1,0
BRDA:23,1,0,0
BRDA:23,1,1,0
BRDA:23,2,0,0
BRDA:23,2,1,0
BRDA:23,2,2,0
BRDA:25,3,0,0
BRDA:25,3,1,0
BRDA:26,4,0,0
BRDA:26,4,1,0
BRDA:27,5,0,0
BRDA:27,5,1,0
BRDA:38,6,0,0
BRDA:38,6,1,0
BRDA:60,7,0,0
BRDA:60,7,1,0
BRDA:61,8,0,0
BRDA:61,8,1,0
BRDA:62,9,0,0
BRDA:62,9,1,0
BRDA:62,9,2,0
BRDA:64,10,0,0
BRDA:64,10,1,0
BRDA:65,11,0,0
BRDA:65,11,1,0
BRDA:66,12,0,0
BRDA:66,12,1,0
BRDA:67,13,0,0
BRDA:67,13,1,0
BRDA:68,14,0,0
BRDA:68,14,1,0
BRDA:91,15,0,0
BRDA:91,15,1,0
BRF:34
BRH:0
end_of_record
TN:
SF:lead-merge.js
FN:8,(anonymous_0)
FNF:1
FNH:0
FNDA:0,(anonymous_0)
DA:1,0
DA:2,0
DA:8,0
DA:10,0
DA:11,0
DA:14,0
DA:17,0
DA:18,0
DA:20,0
DA:24,0
DA:25,0
DA:32,0
DA:35,0
DA:40,0
DA:41,0
DA:45,0
DA:48,0
DA:49,0
LF:18
LH:0
BRDA:10,0,0,0
BRDA:10,0,1,0
BRDA:24,1,0,0
BRDA:24,1,1,0
BRDA:24,2,0,0
BRDA:24,2,1,0
BRDA:24,2,2,0
BRDA:26,3,0,0
BRDA:26,3,1,0
BRDA:27,4,0,0
BRDA:27,4,1,0
BRDA:27,5,0,0
BRDA:27,5,1,0
BRDA:40,6,0,0
BRDA:40,6,1,0
BRF:15
BRH:0
end_of_record
TN:
SF:lead-scoring.js
FN:10,(anonymous_0)
FN:40,handleUpdateLeadScore
FN:66,handleGetLeadScoringAnalytics
FN:84,updateLeadScore
FN:116,getLeadScoringAnalytics
FN:140,(anonymous_5)
FN:156,parseTimeframe
FN:175,calculateAverageScore
FN:181,(anonymous_8)
FN:194,calculatePriorityPercentage
FN:197,(anonymous_10)
FN:198,(anonymous_11)
FNF:12
FNH:0
FNDA:0,(anonymous_0)
FNDA:0,handleUpdateLeadScore
FNDA:0,handleGetLeadScoringAnalytics
FNDA:0,updateLeadScore
FNDA:0,getLeadScoringAnalytics
FNDA:0,(anonymous_5)
FNDA:0,parseTimeframe
FNDA:0,calculateAverageScore
FNDA:0,(anonymous_8)
FNDA:0,calculatePriorityPercentage
FNDA:0,(anonymous_10)
FNDA:0,(anonymous_11)
DA:1,0
DA:2,0
DA:3,0
DA:4,0
DA:10,0
DA:11,0
DA:13,0
DA:17,0
DA:18,0
DA:21,0
DA:23,0
DA:25,0
DA:27,0
DA:29,0
DA:32,0
DA:33,0
DA:41,0
DA:43,0
DA:44,0
DA:47,0
DA:49,0
DA:51,0
DA:52,0
DA:55,0
DA:58,0
DA:59,0
DA:67,0
DA:69,0
DA:71,0
DA:73,0
DA:76,0
DA:77,0
DA:85,0
DA:87,0
DA:88,0
DA:91,0
DA:94,0
DA:97,0
DA:99,0
DA:108,0
DA:109,0
DA:117,0
DA:119,0
DA:122,0
DA:125,0
DA:128,0
DA:131,0
DA:133,0
DA:140,0
DA:148,0
DA:149,0
DA:157,0
DA:158,0
DA:160,0
DA:161,0
DA:163,0
DA:164,0
DA:165,0
DA:166,0
DA:167,0
DA:168,0
DA:176,0
DA:178,0
DA:179,0
DA:181,0
DA:182,0
DA:183,0
DA:184,0
DA:185,0
DA:188,0
DA:195,0
DA:197,0
DA:198,0
DA:200,0
LF:74
LH:0
BRDA:17,0,0,0
BRDA:17,0,1,0
BRDA:23,1,0,0
BRDA:23,1,1,0
BRDA:23,1,2,0
BRDA:41,2,0,0
BRDA:41,2,1,0
BRDA:43,3,0,0
BRDA:43,3,1,0
BRDA:51,4,0,0
BRDA:51,4,1,0
BRDA:67,5,0,0
BRDA:67,5,1,0
BRDA:71,6,0,0
BRDA:71,6,1,0
BRDA:88,7,0,0
BRDA:88,7,1,0
BRDA:116,8,0,0
BRDA:158,9,0,0
BRDA:158,9,1,0
BRDA:163,10,0,0
BRDA:163,10,1,0
BRDA:163,10,2,0
BRDA:163,10,3,0
BRDA:163,10,4,0
BRDA:176,11,0,0
BRDA:176,11,1,0
BRDA:176,12,0,0
BRDA:176,12,1,0
BRDA:188,13,0,0
BRDA:188,13,1,0
BRDA:195,14,0,0
BRDA:195,14,1,0
BRDA:195,15,0,0
BRDA:195,15,1,0
BRDA:200,16,0,0
BRDA:200,16,1,0
BRDA:200,17,0,0
BRDA:200,17,1,0
BRF:39
BRH:0
end_of_record
TN:
SF:leads.js
FN:15,(anonymous_0)
FN:240,updateLeadScore
FN:272,sendLeadNotificationEmail
FNF:3
FNH:0
FNDA:0,(anonymous_0)
FNDA:0,updateLeadScore
FNDA:0,sendLeadNotificationEmail
DA:1,0
DA:2,0
DA:3,0
DA:4,0
DA:5,0
DA:6,0
DA:7,0
DA:8,0
DA:9,0
DA:15,0
DA:17,0
DA:18,0
DA:21,0
DA:24,0
DA:25,0
DA:27,0
DA:31,0
DA:32,0
DA:39,0
DA:40,0
DA:41,0
DA:47,0
DA:48,0
DA:53,0
DA:54,0
DA:57,0
DA:58,0
DA:63,0
DA:71,0
DA:74,0
DA:100,0
DA:115,0
DA:116,0
DA:119,0
DA:120,0
DA:123,0
DA:124,0
DA:141,0
DA:143,0
DA:148,0
DA:149,0
DA:164,0
DA:166,0
DA:172,0
DA:173,0
DA:174,0
DA:176,0
DA:179,0
DA:184,0
DA:185,0
DA:186,0
DA:188,0
DA:194,0
DA:196,0
DA:214,0
DA:215,0
DA:218,0
DA:225,0
DA:232,0
DA:233,0
DA:241,0
DA:243,0
DA:244,0
DA:247,0
DA:250,0
DA:253,0
DA:255,0
DA:264,0
DA:265,0
DA:273,0
DA:283,0
DA:284,0
DA:317,0
LF:73
LH:0
BRDA:17,0,0,0
BRDA:17,0,1,0
BRDA:31,1,0,0
BRDA:31,1,1,0
BRDA:31,2,0,0
BRDA:31,2,1,0
BRDA:33,3,0,0
BRDA:33,3,1,0
BRDA:34,4,0,0
BRDA:34,4,1,0
BRDA:40,5,0,0
BRDA:40,5,1,0
BRDA:53,6,0,0
BRDA:53,6,1,0
BRDA:77,7,0,0
BRDA:77,7,1,0
BRDA:79,8,0,0
BRDA:79,8,1,0
BRDA:80,9,0,0
BRDA:80,9,1,0
BRDA:81,10,0,0
BRDA:81,10,1,0
BRDA:82,11,0,0
BRDA:82,11,1,0
BRDA:83,12,0,0
BRDA:83,12,1,0
BRDA:84,13,0,0
BRDA:84,13,1,0
BRDA:86,14,0,0
BRDA:86,14,1,0
BRDA:87,15,0,0
BRDA:87,15,1,0
BRDA:88,16,0,0
BRDA:88,16,1,0
BRDA:89,17,0,0
BRDA:89,17,1,0
BRDA:90,18,0,0
BRDA:90,18,1,0
BRDA:92,19,0,0
BRDA:92,19,1,0
BRDA:115,20,0,0
BRDA:115,20,1,0
BRDA:125,21,0,0
BRDA:125,21,1,0
BRDA:129,22,0,0
BRDA:129,22,1,0
BRDA:157,23,0,0
BRDA:157,23,1,0
BRDA:158,24,0,0
BRDA:158,24,1,0
BRDA:159,25,0,0
BRDA:159,25,1,0
BRDA:160,26,0,0
BRDA:160,26,1,0
BRDA:164,27,0,0
BRDA:164,27,1,0
BRDA:164,28,0,0
BRDA:164,28,1,0
BRDA:214,29,0,0
BRDA:214,29,1,0
BRDA:244,30,0,0
BRDA:244,30,1,0
BRDA:275,31,0,0
BRDA:275,31,1,0
BRDA:290,32,0,0
BRDA:290,32,1,0
BRDA:293,33,0,0
BRDA:293,33,1,0
BRDA:298,34,0,0
BRDA:298,34,1,0
BRDA:305,35,0,0
BRDA:305,35,1,0
BRDA:314,36,0,0
BRDA:314,36,1,0
BRDA:319,37,0,0
BRDA:319,37,1,0
BRDA:319,37,2,0
BRF:77
BRH:0
end_of_record
TN:
SF:sales-add-note.js
FN:8,(anonymous_0)
FN:89,checkAuthentication
FN:121,getCookieValue
FNF:3
FNH:0
FNDA:0,(anonymous_0)
FNDA:0,checkAuthentication
FNDA:0,getCookieValue
DA:1,0
DA:2,0
DA:8,0
DA:10,0
DA:11,0
DA:14,0
DA:16,0
DA:17,0
DA:18,0
DA:21,0
DA:25,0
DA:26,0
DA:28,0
DA:31,0
DA:34,0
DA:35,0
DA:39,0
DA:44,0
DA:45,0
DA:49,0
DA:50,0
DA:51,0
DA:52,0
DA:54,0
DA:55,0
DA:59,0
DA:66,0
DA:69,0
DA:74,0
DA:81,0
DA:82,0
DA:90,0
DA:94,0
DA:95,0
DA:98,0
DA:99,0
DA:100,0
DA:102,0
DA:104,0
DA:113,0
DA:114,0
DA:122,0
DA:124,0
DA:125,0
DA:126,0
DA:127,0
DA:128,0
DA:131,0
LF:48
LH:0
BRDA:10,0,0,0
BRDA:10,0,1,0
BRDA:17,1,0,0
BRDA:17,1,1,0
BRDA:34,2,0,0
BRDA:34,2,1,0
BRDA:34,3,0,0
BRDA:34,3,1,0
BRDA:44,4,0,0
BRDA:44,4,1,0
BRDA:52,5,0,0
BRDA:52,5,1,0
BRDA:90,6,0,0
BRDA:90,6,1,0
BRDA:90,6,2,0
BRDA:94,7,0,0
BRDA:94,7,1,0
BRDA:100,8,0,0
BRDA:100,8,1,0
BRDA:122,9,0,0
BRDA:122,9,1,0
BRDA:127,10,0,0
BRDA:127,10,1,0
BRF:23
BRH:0
end_of_record
TN:
SF:sales-appointments.js
FN:8,(anonymous_0)
FN:45,getSalesRepAppointments
FN:96,(anonymous_2)
FN:119,checkAuthentication
FN:151,getCookieValue
FNF:5
FNH:0
FNDA:0,(anonymous_0)
FNDA:0,getSalesRepAppointments
FNDA:0,(anonymous_2)
FNDA:0,checkAuthentication
FNDA:0,getCookieValue
DA:1,0
DA:2,0
DA:8,0
DA:10,0
DA:11,0
DA:14,0
DA:16,0
DA:17,0
DA:18,0
DA:21,0
DA:24,0
DA:25,0
DA:28,0
DA:30,0
DA:37,0
DA:38,0
DA:46,0
DA:48,0
DA:51,0
DA:53,0
DA:54,0
DA:55,0
DA:57,0
DA:58,0
DA:59,0
DA:61,0
DA:62,0
DA:63,0
DA:65,0
DA:66,0
DA:70,0
DA:91,0
DA:93,0
DA:96,0
DA:111,0
DA:112,0
DA:120,0
DA:124,0
DA:125,0
DA:128,0
DA:129,0
DA:130,0
DA:132,0
DA:134,0
DA:143,0
DA:144,0
DA:152,0
DA:154,0
DA:155,0
DA:156,0
DA:157,0
DA:158,0
DA:161,0
LF:53
LH:0
BRDA:10,0,0,0
BRDA:10,0,1,0
BRDA:17,1,0,0
BRDA:17,1,1,0
BRDA:24,2,0,0
BRDA:24,2,1,0
BRDA:25,3,0,0
BRDA:25,3,1,0
BRDA:51,4,0,0
BRDA:51,4,1,0
BRDA:51,4,2,0
BRDA:51,4,3,0
BRDA:98,5,0,0
BRDA:98,5,1,0
BRDA:100,6,0,0
BRDA:100,6,1,0
BRDA:100,7,0,0
BRDA:100,7,1,0
BRDA:101,8,0,0
BRDA:101,8,1,0
BRDA:102,9,0,0
BRDA:102,9,1,0
BRDA:104,10,0,0
BRDA:104,10,1,0
BRDA:106,11,0,0
BRDA:106,11,1,0
BRDA:107,12,0,0
BRDA:107,12,1,0
BRDA:120,13,0,0
BRDA:120,13,1,0
BRDA:120,13,2,0
BRDA:124,14,0,0
BRDA:124,14,1,0
BRDA:130,15,0,0
BRDA:130,15,1,0
BRDA:152,16,0,0
BRDA:152,16,1,0
BRDA:157,17,0,0
BRDA:157,17,1,0
BRF:39
BRH:0
end_of_record
TN:
SF:sales-auth-check.js
FN:8,(anonymous_0)
FNF:1
FNH:0
FNDA:0,(anonymous_0)
DA:1,0
DA:2,0
DA:8,0
DA:10,0
DA:11,0
DA:14,0
DA:15,0
DA:17,0
DA:18,0
DA:25,0
DA:31,0
DA:32,0
LF:12
LH:0
BRDA:10,0,0,0
BRDA:10,0,1,0
BRDA:17,1,0,0
BRDA:17,1,1,0
BRDA:20,2,0,0
BRDA:20,2,1,0
BRF:6
BRH:0
end_of_record
TN:
SF:sales-complete-appointment.js
FN:8,(anonymous_0)
FN:84,updateLeadStatusAfterAppointment
FN:109,checkAuthentication
FN:141,getCookieValue
FNF:4
FNH:0
FNDA:0,(anonymous_0)
FNDA:0,updateLeadStatusAfterAppointment
FNDA:0,checkAuthentication
FNDA:0,getCookieValue
DA:1,0
DA:2,0
DA:8,0
DA:10,0
DA:11,0
DA:14,0
DA:16,0
DA:17,0
DA:18,0
DA:21,0
DA:25,0
DA:26,0
DA:28,0
DA:31,0
DA:34,0
DA:35,0
DA:39,0
DA:44,0
DA:45,0
DA:48,0
DA:49,0
DA:52,0
DA:53,0
DA:57,0
DA:63,0
DA:64,0
DA:67,0
DA:76,0
DA:77,0
DA:85,0
DA:87,0
DA:92,0
DA:94,0
DA:101,0
DA:110,0
DA:114,0
DA:115,0
DA:118,0
DA:119,0
DA:120,0
DA:122,0
DA:124,0
DA:133,0
DA:134,0
DA:142,0
DA:144,0
DA:145,0
DA:146,0
DA:147,0
DA:148,0
DA:151,0
LF:51
LH:0
BRDA:10,0,0,0
BRDA:10,0,1,0
BRDA:17,1,0,0
BRDA:17,1,1,0
BRDA:34,2,0,0
BRDA:34,2,1,0
BRDA:44,3,0,0
BRDA:44,3,1,0
BRDA:52,4,0,0
BRDA:52,4,1,0
BRDA:63,5,0,0
BRDA:63,5,1,0
BRDA:92,6,0,0
BRDA:92,6,1,0
BRDA:110,7,0,0
BRDA:110,7,1,0
BRDA:110,7,2,0
BRDA:114,8,0,0
BRDA:114,8,1,0
BRDA:120,9,0,0
BRDA:120,9,1,0
BRDA:142,10,0,0
BRDA:142,10,1,0
BRDA:147,11,0,0
BRDA:147,11,1,0
BRF:25
BRH:0
end_of_record
TN:
SF:sales-customers.js
FN:10,(anonymous_0)
FN:56,handleGetCustomers
FN:102,handleCreateCustomer
FN:112,(anonymous_3)
FN:180,handleUpdateCustomer
FN:249,handleDeleteCustomer
FN:271,checkAuthentication
FN:318,getCookieValue
FNF:8
FNH:0
FNDA:0,(anonymous_0)
FNDA:0,handleGetCustomers
FNDA:0,handleCreateCustomer
FNDA:0,(anonymous_3)
FNDA:0,handleUpdateCustomer
FNDA:0,handleDeleteCustomer
FNDA:0,checkAuthentication
FNDA:0,getCookieValue
DA:1,0
DA:2,0
DA:3,0
DA:4,0
DA:10,0
DA:11,0
DA:13,0
DA:17,0
DA:18,0
DA:21,0
DA:23,0
DA:25,0
DA:28,0
DA:29,0
DA:31,0
DA:34,0
DA:35,0
DA:37,0
DA:40,0
DA:41,0
DA:43,0
DA:45,0
DA:48,0
DA:49,0
DA:57,0
DA:59,0
DA:61,0
DA:73,0
DA:76,0
DA:82,0
DA:83,0
DA:85,0
DA:94,0
DA:95,0
DA:104,0
DA:105,0
DA:107,0
DA:111,0
DA:112,0
DA:114,0
DA:115,0
DA:121,0
DA:122,0
DA:123,0
DA:128,0
DA:130,0
DA:149,0
DA:154,0
DA:155,0
DA:161,0
DA:167,0
DA:169,0
DA:172,0
DA:173,0
DA:181,0
DA:182,0
DA:184,0
DA:185,0
DA:189,0
DA:190,0
DA:192,0
DA:195,0
DA:197,0
DA:198,0
DA:199,0
DA:203,0
DA:204,0
DA:208,0
DA:211,0
DA:229,0
DA:230,0
DA:231,0
DA:236,0
DA:238,0
DA:241,0
DA:242,0
DA:250,0
DA:251,0
DA:253,0
DA:254,0
DA:260,0
DA:272,0
DA:273,0
DA:275,0
DA:279,0
DA:280,0
DA:285,0
DA:286,0
DA:288,0
DA:292,0
DA:293,0
DA:294,0
DA:295,0
DA:298,0
DA:310,0
DA:311,0
DA:319,0
DA:321,0
DA:322,0
DA:323,0
DA:324,0
DA:325,0
DA:328,0
LF:103
LH:0
BRDA:17,0,0,0
BRDA:17,0,1,0
BRDA:23,1,0,0
BRDA:23,1,1,0
BRDA:23,1,2,0
BRDA:23,1,3,0
BRDA:23,1,4,0
BRDA:28,2,0,0
BRDA:28,2,1,0
BRDA:34,3,0,0
BRDA:34,3,1,0
BRDA:40,4,0,0
BRDA:40,4,1,0
BRDA:57,5,0,0
BRDA:57,5,1,0
BRDA:62,6,0,0
BRDA:62,6,1,0
BRDA:63,7,0,0
BRDA:63,7,1,0
BRDA:64,8,0,0
BRDA:64,8,1,0
BRDA:66,9,0,0
BRDA:66,9,1,0
BRDA:67,10,0,0
BRDA:67,10,1,0
BRDA:67,11,0,0
BRDA:67,11,1,0
BRDA:68,12,0,0
BRDA:68,12,1,0
BRDA:69,13,0,0
BRDA:69,13,1,0
BRDA:82,14,0,0
BRDA:82,14,1,0
BRDA:83,15,0,0
BRDA:83,15,1,0
BRDA:114,16,0,0
BRDA:114,16,1,0
BRDA:122,17,0,0
BRDA:122,17,1,0
BRDA:139,18,0,0
BRDA:139,18,1,0
BRDA:140,19,0,0
BRDA:140,19,1,0
BRDA:142,20,0,0
BRDA:142,20,1,0
BRDA:143,21,0,0
BRDA:143,21,1,0
BRDA:144,22,0,0
BRDA:144,22,1,0
BRDA:145,23,0,0
BRDA:145,23,1,0
BRDA:154,24,0,0
BRDA:154,24,1,0
BRDA:181,25,0,0
BRDA:181,25,1,0
BRDA:184,26,0,0
BRDA:184,26,1,0
BRDA:198,27,0,0
BRDA:198,27,1,0
BRDA:203,28,0,0
BRDA:203,28,1,0
BRDA:230,29,0,0
BRDA:230,29,1,0
BRDA:250,30,0,0
BRDA:250,30,1,0
BRDA:253,31,0,0
BRDA:253,31,1,0
BRDA:273,32,0,0
BRDA:273,32,1,0
BRDA:275,33,0,0
BRDA:275,33,1,0
BRDA:275,33,2,0
BRDA:279,34,0,0
BRDA:279,34,1,0
BRDA:294,35,0,0
BRDA:294,35,1,0
BRDA:294,36,0,0
BRDA:294,36,1,0
BRDA:306,37,0,0
BRDA:306,37,1,0
BRDA:319,38,0,0
BRDA:319,38,1,0
BRDA:324,39,0,0
BRDA:324,39,1,0
BRF:84
BRH:0
end_of_record
TN:
SF:sales-leads.js
FN:9,(anonymous_0)
FN:60,getSalesRepLeads
FN:144,(anonymous_2)
FNF:3
FNH:0
FNDA:0,(anonymous_0)
FNDA:0,getSalesRepLeads
FNDA:0,(anonymous_2)
DA:1,0
DA:2,0
DA:3,0
DA:9,0
DA:11,0
DA:12,0
DA:15,0
DA:17,0
DA:21,0
DA:22,0
DA:25,0
DA:26,0
DA:29,0
DA:30,0
DA:31,0
DA:35,0
DA:36,0
DA:37,0
DA:38,0
DA:39,0
DA:42,0
DA:44,0
DA:52,0
DA:53,0
DA:61,0
DA:63,0
DA:66,0
DA:68,0
DA:69,0
DA:71,0
DA:72,0
DA:74,0
DA:75,0
DA:77,0
DA:78,0
DA:79,0
DA:81,0
DA:82,0
DA:84,0
DA:88,0
DA:102,0
DA:105,0
DA:106,0
DA:107,0
DA:111,0
DA:112,0
DA:118,0
DA:122,0
DA:124,0
DA:125,0
DA:128,0
DA:129,0
DA:131,0
DA:132,0
DA:134,0
DA:135,0
DA:137,0
DA:138,0
DA:141,0
DA:144,0
DA:146,0
DA:147,0
DA:148,0
DA:150,0
DA:151,0
DA:154,0
DA:172,0
DA:173,0
LF:68
LH:0
BRDA:11,0,0,0
BRDA:11,0,1,0
BRDA:21,1,0,0
BRDA:21,1,1,0
BRDA:29,2,0,0
BRDA:29,2,1,0
BRDA:30,3,0,0
BRDA:30,3,1,0
BRDA:30,4,0,0
BRDA:30,4,1,0
BRDA:30,4,2,0
BRDA:35,5,0,0
BRDA:35,5,1,0
BRDA:36,6,0,0
BRDA:36,6,1,0
BRDA:37,7,0,0
BRDA:37,7,1,0
BRDA:38,8,0,0
BRDA:38,8,1,0
BRDA:39,9,0,0
BRDA:39,9,1,0
BRDA:66,10,0,0
BRDA:66,10,1,0
BRDA:66,10,2,0
BRDA:66,10,3,0
BRDA:66,10,4,0
BRDA:66,10,5,0
BRDA:105,11,0,0
BRDA:105,11,1,0
BRDA:111,12,0,0
BRDA:111,12,1,0
BRDA:122,13,0,0
BRDA:122,13,1,0
BRDA:122,13,2,0
BRDA:122,13,3,0
BRDA:122,13,4,0
BRDA:122,13,5,0
BRDA:148,14,0,0
BRDA:148,14,1,0
BRF:39
BRH:0
end_of_record
TN:
SF:sales-login.js
FN:19,(anonymous_0)
FN:99,authenticateUser
FNF:2
FNH:0
FNDA:0,(anonymous_0)
FNDA:0,authenticateUser
DA:1,0
DA:2,0
DA:3,0
DA:4,0
DA:5,0
DA:6,0
DA:9,0
DA:10,0
DA:12,0
DA:13,0
DA:19,0
DA:21,0
DA:22,0
DA:25,0
DA:26,0
DA:30,0
DA:31,0
DA:33,0
DA:34,0
DA:40,0
DA:42,0
DA:43,0
DA:45,0
DA:49,0
DA:50,0
DA:54,0
DA:56,0
DA:57,0
DA:61,0
DA:73,0
DA:77,0
DA:91,0
DA:92,0
DA:100,0
DA:102,0
DA:104,0
DA:105,0
DA:109,0
DA:110,0
DA:114,0
DA:115,0
DA:119,0
DA:121,0
DA:122,0
DA:125,0
DA:138,0
DA:139,0
LF:47
LH:0
BRDA:9,0,0,0
BRDA:9,0,1,0
BRDA:13,1,0,0
BRDA:13,1,1,0
BRDA:22,2,0,0
BRDA:22,2,1,0
BRDA:25,3,0,0
BRDA:25,3,1,0
BRDA:30,4,0,0
BRDA:30,4,1,0
BRDA:30,4,2,0
BRDA:33,5,0,0
BRDA:33,5,1,0
BRDA:49,6,0,0
BRDA:49,6,1,0
BRDA:49,7,0,0
BRDA:49,7,1,0
BRDA:56,8,0,0
BRDA:56,8,1,0
BRDA:104,9,0,0
BRDA:104,9,1,0
BRDA:109,10,0,0
BRDA:109,10,1,0
BRDA:114,11,0,0
BRDA:114,11,1,0
BRDA:121,12,0,0
BRDA:121,12,1,0
BRDA:133,13,0,0
BRDA:133,13,1,0
BRF:29
BRH:0
end_of_record
TN:
SF:sales-logout.js
FN:8,(anonymous_0)
FN:20,(anonymous_1)
FN:55,isTokenBlacklisted
FNF:3
FNH:0
FNDA:0,(anonymous_0)
FNDA:0,(anonymous_1)
FNDA:0,isTokenBlacklisted
DA:1,0
DA:2,0
DA:5,0
DA:8,0
DA:11,0
DA:12,0
DA:20,0
DA:22,0
DA:23,0
DA:26,0
DA:28,0
DA:31,0
DA:33,0
DA:39,0
DA:45,0
DA:46,0
DA:56,0
DA:59,0
LF:18
LH:0
BRDA:11,0,0,0
BRDA:11,0,1,0
BRDA:22,1,0,0
BRDA:22,1,1,0
BRDA:28,2,0,0
BRDA:28,2,1,0
BRDA:31,3,0,0
BRDA:31,3,1,0
BRF:8
BRH:0
end_of_record
TN:
SF:sales-metrics.js
FN:8,(anonymous_0)
FN:41,getSalesRepMetrics
FN:103,getLeadMetrics
FN:130,getAppointmentMetrics
FN:155,getSalesMetrics
FN:176,checkAuthentication
FN:208,getCookieValue
FNF:7
FNH:0
FNDA:0,(anonymous_0)
FNDA:0,getSalesRepMetrics
FNDA:0,getLeadMetrics
FNDA:0,getAppointmentMetrics
FNDA:0,getSalesMetrics
FNDA:0,checkAuthentication
FNDA:0,getCookieValue
DA:1,0
DA:2,0
DA:8,0
DA:10,0
DA:11,0
DA:14,0
DA:16,0
DA:17,0
DA:18,0
DA:21,0
DA:24,0
DA:25,0
DA:28,0
DA:30,0
DA:33,0
DA:34,0
DA:42,0
DA:44,0
DA:47,0
DA:49,0
DA:50,0
DA:52,0
DA:53,0
DA:55,0
DA:56,0
DA:58,0
DA:59,0
DA:60,0
DA:62,0
DA:63,0
DA:65,0
DA:69,0
DA:72,0
DA:75,0
DA:78,0
DA:81,0
DA:95,0
DA:96,0
DA:104,0
DA:116,0
DA:118,0
DA:131,0
DA:142,0
DA:144,0
DA:158,0
DA:166,0
DA:168,0
DA:177,0
DA:181,0
DA:182,0
DA:185,0
DA:186,0
DA:187,0
DA:189,0
DA:191,0
DA:200,0
DA:201,0
DA:209,0
DA:211,0
DA:212,0
DA:213,0
DA:214,0
DA:215,0
DA:218,0
LF:64
LH:0
BRDA:10,0,0,0
BRDA:10,0,1,0
BRDA:17,1,0,0
BRDA:17,1,1,0
BRDA:24,2,0,0
BRDA:24,2,1,0
BRDA:25,3,0,0
BRDA:25,3,1,0
BRDA:47,4,0,0
BRDA:47,4,1,0
BRDA:47,4,2,0
BRDA:47,4,3,0
BRDA:47,4,4,0
BRDA:47,4,5,0
BRDA:78,5,0,0
BRDA:78,5,1,0
BRDA:119,6,0,0
BRDA:119,6,1,0
BRDA:120,7,0,0
BRDA:120,7,1,0
BRDA:121,8,0,0
BRDA:121,8,1,0
BRDA:122,9,0,0
BRDA:122,9,1,0
BRDA:123,10,0,0
BRDA:123,10,1,0
BRDA:145,11,0,0
BRDA:145,11,1,0
BRDA:146,12,0,0
BRDA:146,12,1,0
BRDA:147,13,0,0
BRDA:147,13,1,0
BRDA:148,14,0,0
BRDA:148,14,1,0
BRDA:169,15,0,0
BRDA:169,15,1,0
BRDA:177,16,0,0
BRDA:177,16,1,0
BRDA:177,16,2,0
BRDA:181,17,0,0
BRDA:181,17,1,0
BRDA:187,18,0,0
BRDA:187,18,1,0
BRDA:209,19,0,0
BRDA:209,19,1,0
BRDA:214,20,0,0
BRDA:214,20,1,0
BRF:47
BRH:0
end_of_record
TN:
SF:sales-update-status.js
FN:8,(anonymous_0)
FN:84,logStatusChange
FN:126,checkAuthentication
FN:158,getCookieValue
FNF:4
FNH:0
FNDA:0,(anonymous_0)
FNDA:0,logStatusChange
FNDA:0,checkAuthentication
FNDA:0,getCookieValue
DA:1,0
DA:2,0
DA:8,0
DA:10,0
DA:11,0
DA:14,0
DA:16,0
DA:17,0
DA:18,0
DA:21,0
DA:25,0
DA:26,0
DA:28,0
DA:31,0
DA:34,0
DA:35,0
DA:39,0
DA:40,0
DA:41,0
DA:45,0
DA:50,0
DA:51,0
DA:54,0
DA:57,0
DA:63,0
DA:64,0
DA:67,0
DA:76,0
DA:77,0
DA:85,0
DA:87,0
DA:92,0
DA:93,0
DA:94,0
DA:95,0
DA:97,0
DA:98,0
DA:102,0
DA:110,0
DA:113,0
DA:118,0
DA:127,0
DA:131,0
DA:132,0
DA:135,0
DA:136,0
DA:137,0
DA:139,0
DA:141,0
DA:150,0
DA:151,0
DA:159,0
DA:161,0
DA:162,0
DA:163,0
DA:164,0
DA:165,0
DA:168,0
LF:58
LH:0
BRDA:10,0,0,0
BRDA:10,0,1,0
BRDA:17,1,0,0
BRDA:17,1,1,0
BRDA:34,2,0,0
BRDA:34,2,1,0
BRDA:34,3,0,0
BRDA:34,3,1,0
BRDA:40,4,0,0
BRDA:40,4,1,0
BRDA:50,5,0,0
BRDA:50,5,1,0
BRDA:63,6,0,0
BRDA:63,6,1,0
BRDA:95,7,0,0
BRDA:95,7,1,0
BRDA:127,8,0,0
BRDA:127,8,1,0
BRDA:127,8,2,0
BRDA:131,9,0,0
BRDA:131,9,1,0
BRDA:137,10,0,0
BRDA:137,10,1,0
BRDA:159,11,0,0
BRDA:159,11,1,0
BRDA:164,12,0,0
BRDA:164,12,1,0
BRF:27
BRH:0
end_of_record
TN:
SF:schedule-test-drive.js
FN:6,(anonymous_0)
FNF:1
FNH:0
FNDA:0,(anonymous_0)
DA:1,0
DA:2,0
DA:3,0
DA:4,0
DA:6,0
DA:8,0
DA:9,0
DA:15,0
DA:17,0
DA:20,0
DA:21,0
DA:22,0
DA:23,0
DA:35,0
DA:46,0
DA:61,0
DA:69,0
DA:71,0
DA:72,0
DA:73,0
DA:77,0
DA:78,0
DA:81,0
DA:85,0
DA:86,0
DA:87,0
DA:88,0
DA:97,0
DA:98,0
DA:99,0
DA:101,0
DA:107,0
DA:108,0
DA:126,0
DA:129,0
DA:130,0
DA:131,0
DA:133,0
DA:138,0
DA:143,0
DA:148,0
DA:150,0
LF:42
LH:0
BRDA:8,0,0,0
BRDA:8,0,1,0
BRDA:22,1,0,0
BRDA:22,1,1,0
BRDA:36,2,0,0
BRDA:36,2,1,0
BRDA:37,3,0,0
BRDA:37,3,1,0
BRDA:55,4,0,0
BRDA:55,4,1,0
BRDA:62,5,0,0
BRDA:62,5,1,0
BRDA:63,6,0,0
BRDA:63,6,1,0
BRDA:77,7,0,0
BRDA:77,7,1,0
BRDA:85,8,0,0
BRDA:85,8,1,0
BRDA:90,9,0,0
BRDA:90,9,1,0
BRDA:92,10,0,0
BRDA:92,10,1,0
BRDA:107,11,0,0
BRDA:107,11,1,0
BRDA:112,12,0,0
BRDA:112,12,1,0
BRF:26
BRH:0
end_of_record
TN:
SF:search.js
FN:11,(anonymous_0)
FN:28,(anonymous_1)
FN:68,performSearch
FN:109,getSearchSuggestions
FN:118,(anonymous_4)
FN:135,saveSearch
FN:177,getSavedSearches
FN:197,deleteSavedSearch
FN:226,getSearchFacets
FN:287,getSearchAnalytics
FN:331,buildSearchIndexes
FN:358,rebuildSearchIndexes
FN:384,getIndexStats
FN:401,getSearchPerformance
FN:420,parseFiltersFromQuery
FNF:15
FNH:0
FNDA:0,(anonymous_0)
FNDA:0,(anonymous_1)
FNDA:0,performSearch
FNDA:0,getSearchSuggestions
FNDA:0,(anonymous_4)
FNDA:0,saveSearch
FNDA:0,getSavedSearches
FNDA:0,deleteSavedSearch
FNDA:0,getSearchFacets
FNDA:0,getSearchAnalytics
FNDA:0,buildSearchIndexes
FNDA:0,rebuildSearchIndexes
FNDA:0,getIndexStats
FNDA:0,getSearchPerformance
FNDA:0,parseFiltersFromQuery
DA:1,0
DA:2,0
DA:3,0
DA:4,0
DA:5,0
DA:11,0
DA:13,0
DA:19,0
DA:20,0
DA:23,0
DA:24,0
DA:25,0
DA:28,0
DA:29,0
DA:30,0
DA:32,0
DA:34,0
DA:36,0
DA:38,0
DA:40,0
DA:42,0
DA:44,0
DA:46,0
DA:48,0
DA:50,0
DA:52,0
DA:54,0
DA:56,0
DA:60,0
DA:61,0
DA:69,0
DA:82,0
DA:84,0
DA:85,0
DA:87,0
DA:101,0
DA:102,0
DA:110,0
DA:111,0
DA:113,0
DA:114,0
DA:116,0
DA:118,0
DA:127,0
DA:128,0
DA:137,0
DA:138,0
DA:140,0
DA:143,0
DA:145,0
DA:146,0
DA:153,0
DA:155,0
DA:156,0
DA:163,0
DA:169,0
DA:170,0
DA:179,0
DA:181,0
DA:182,0
DA:184,0
DA:189,0
DA:190,0
DA:198,0
DA:199,0
DA:203,0
DA:205,0
DA:206,0
DA:208,0
DA:209,0
DA:212,0
DA:218,0
DA:219,0
DA:227,0
DA:229,0
DA:232,0
DA:235,0
DA:238,0
DA:241,0
DA:244,0
DA:247,0
DA:250,0
DA:253,0
DA:256,0
DA:259,0
DA:262,0
DA:274,0
DA:279,0
DA:280,0
DA:288,0
DA:290,0
DA:293,0
DA:309,0
DA:310,0
DA:313,0
DA:318,0
DA:323,0
DA:324,0
DA:332,0
DA:336,0
DA:337,0
DA:339,0
DA:350,0
DA:351,0
DA:359,0
DA:363,0
DA:364,0
DA:366,0
DA:376,0
DA:377,0
DA:385,0
DA:386,0
DA:388,0
DA:393,0
DA:394,0
DA:402,0
DA:404,0
DA:405,0
DA:407,0
DA:412,0
DA:413,0
DA:421,0
DA:424,0
DA:425,0
DA:428,0
DA:429,0
DA:434,0
DA:437,0
DA:440,0
DA:443,0
DA:444,0
DA:445,0
DA:448,0
DA:449,0
DA:452,0
DA:454,0
LF:136
LH:0
BRDA:19,0,0,0
BRDA:19,0,1,0
BRDA:32,1,0,0
BRDA:32,1,1,0
BRDA:32,1,2,0
BRDA:32,1,3,0
BRDA:32,1,4,0
BRDA:32,1,5,0
BRDA:32,1,6,0
BRDA:32,1,7,0
BRDA:32,1,8,0
BRDA:32,1,9,0
BRDA:32,1,10,0
BRDA:32,1,11,0
BRDA:70,2,0,0
BRDA:70,2,1,0
BRDA:71,3,0,0
BRDA:71,3,1,0
BRDA:74,4,0,0
BRDA:74,4,1,0
BRDA:75,5,0,0
BRDA:75,5,1,0
BRDA:76,6,0,0
BRDA:76,6,1,0
BRDA:77,7,0,0
BRDA:77,7,1,0
BRDA:110,8,0,0
BRDA:110,8,1,0
BRDA:111,9,0,0
BRDA:111,9,1,0
BRDA:145,10,0,0
BRDA:145,10,1,0
BRDA:145,11,0,0
BRDA:145,11,1,0
BRDA:147,12,0,0
BRDA:147,12,1,0
BRDA:148,13,0,0
BRDA:148,13,1,0
BRDA:159,14,0,0
BRDA:159,14,1,0
BRDA:160,15,0,0
BRDA:160,15,1,0
BRDA:198,16,0,0
BRDA:198,16,1,0
BRDA:208,17,0,0
BRDA:208,17,1,0
BRDA:288,18,0,0
BRDA:288,18,1,0
BRDA:313,19,0,0
BRDA:313,19,1,0
BRDA:332,20,0,0
BRDA:332,20,1,0
BRDA:359,21,0,0
BRDA:359,21,1,0
BRDA:402,22,0,0
BRDA:402,22,1,0
BRDA:424,23,0,0
BRDA:424,23,1,0
BRDA:425,24,0,0
BRDA:425,24,1,0
BRDA:428,25,0,0
BRDA:428,25,1,0
BRDA:429,26,0,0
BRDA:429,26,1,0
BRDA:434,27,0,0
BRDA:434,27,1,0
BRDA:437,28,0,0
BRDA:437,28,1,0
BRDA:440,29,0,0
BRDA:440,29,1,0
BRDA:443,30,0,0
BRDA:443,30,1,0
BRDA:444,31,0,0
BRDA:444,31,1,0
BRDA:445,32,0,0
BRDA:445,32,1,0
BRDA:448,33,0,0
BRDA:448,33,1,0
BRDA:449,34,0,0
BRDA:449,34,1,0
BRDA:452,35,0,0
BRDA:452,35,1,0
BRF:82
BRH:0
end_of_record
TN:
SF:send-notification.js
FN:8,(anonymous_0)
FN:83,createTransporter
FN:88,(anonymous_2)
FN:109,generateEmailContent
FN:143,generateLeadEmailHTML
FN:205,generateLeadEmailText
FN:233,generateAppointmentEmailHTML
FN:294,generateAppointmentEmailText
FN:323,generateMessageEmailHTML
FN:381,generateMessageEmailText
FNF:10
FNH:0
FNDA:0,(anonymous_0)
FNDA:0,createTransporter
FNDA:0,(anonymous_2)
FNDA:0,generateEmailContent
FNDA:0,generateLeadEmailHTML
FNDA:0,generateLeadEmailText
FNDA:0,generateAppointmentEmailHTML
FNDA:0,generateAppointmentEmailText
FNDA:0,generateMessageEmailHTML
FNDA:0,generateMessageEmailText
DA:1,0
DA:2,0
DA:8,0
DA:10,0
DA:11,0
DA:17,0
DA:18,0
DA:19,0
DA:22,0
DA:25,0
DA:28,0
DA:36,0
DA:39,0
DA:40,0
DA:56,0
DA:58,0
DA:62,0
DA:71,0
DA:72,0
DA:86,0
DA:87,0
DA:89,0
DA:90,0
DA:91,0
DA:92,0
DA:93,0
DA:98,0
DA:110,0
DA:112,0
DA:114,0
DA:121,0
DA:128,0
DA:135,0
DA:144,0
DA:145,0
DA:147,0
DA:206,0
DA:207,0
DA:209,0
DA:234,0
DA:235,0
DA:237,0
DA:295,0
DA:296,0
DA:298,0
DA:324,0
DA:325,0
DA:327,0
DA:382,0
DA:383,0
DA:385,0
LF:51
LH:0
BRDA:10,0,0,0
BRDA:10,0,1,0
BRDA:29,1,0,0
BRDA:29,1,1,0
BRDA:41,2,0,0
BRDA:41,2,1,0
BRDA:45,3,0,0
BRDA:45,3,1,0
BRDA:86,4,0,0
BRDA:86,4,1,0
BRDA:86,5,0,0
BRDA:86,5,1,0
BRDA:92,6,0,0
BRDA:92,6,1,0
BRDA:100,7,0,0
BRDA:100,7,1,0
BRDA:112,8,0,0
BRDA:112,8,1,0
BRDA:112,8,2,0
BRDA:112,8,3,0
BRDA:115,9,0,0
BRDA:115,9,1,0
BRDA:122,10,0,0
BRDA:122,10,1,0
BRDA:129,11,0,0
BRDA:129,11,1,0
BRDA:136,12,0,0
BRDA:136,12,1,0
BRDA:137,13,0,0
BRDA:137,13,1,0
BRDA:138,14,0,0
BRDA:138,14,1,0
BRDA:145,15,0,0
BRDA:145,15,1,0
BRDA:173,16,0,0
BRDA:173,16,1,0
BRDA:173,17,0,0
BRDA:173,17,1,0
BRDA:174,18,0,0
BRDA:174,18,1,0
BRDA:175,19,0,0
BRDA:175,19,1,0
BRDA:176,20,0,0
BRDA:176,20,1,0
BRDA:177,21,0,0
BRDA:177,21,1,0
BRDA:180,22,0,0
BRDA:180,22,1,0
BRDA:207,23,0,0
BRDA:207,23,1,0
BRDA:214,24,0,0
BRDA:214,24,1,0
BRDA:214,25,0,0
BRDA:214,25,1,0
BRDA:215,26,0,0
BRDA:215,26,1,0
BRDA:216,27,0,0
BRDA:216,27,1,0
BRDA:217,28,0,0
BRDA:217,28,1,0
BRDA:218,29,0,0
BRDA:218,29,1,0
BRDA:220,30,0,0
BRDA:220,30,1,0
BRDA:235,31,0,0
BRDA:235,31,1,0
BRDA:263,32,0,0
BRDA:263,32,1,0
BRDA:264,33,0,0
BRDA:264,33,1,0
BRDA:264,34,0,0
BRDA:264,34,1,0
BRDA:265,35,0,0
BRDA:265,35,1,0
BRDA:266,36,0,0
BRDA:266,36,1,0
BRDA:271,37,0,0
BRDA:271,37,1,0
BRDA:272,38,0,0
BRDA:272,38,1,0
BRDA:273,39,0,0
BRDA:273,39,1,0
BRDA:296,40,0,0
BRDA:296,40,1,0
BRDA:303,41,0,0
BRDA:303,41,1,0
BRDA:304,42,0,0
BRDA:304,42,1,0
BRDA:304,43,0,0
BRDA:304,43,1,0
BRDA:305,44,0,0
BRDA:305,44,1,0
BRDA:306,45,0,0
BRDA:306,45,1,0
BRDA:309,46,0,0
BRDA:309,46,1,0
BRDA:310,47,0,0
BRDA:310,47,1,0
BRDA:311,48,0,0
BRDA:311,48,1,0
BRDA:325,49,0,0
BRDA:325,49,1,0
BRDA:353,50,0,0
BRDA:353,50,1,0
BRDA:354,51,0,0
BRDA:354,51,1,0
BRDA:360,52,0,0
BRDA:360,52,1,0
BRDA:383,53,0,0
BRDA:383,53,1,0
BRDA:390,54,0,0
BRDA:390,54,1,0
BRDA:391,55,0,0
BRDA:391,55,1,0
BRDA:395,56,0,0
BRDA:395,56,1,0
BRF:116
BRH:0
end_of_record
TN:
SF:sms-templates.js
FN:9,(anonymous_0)
FN:26,(anonymous_1)
FN:64,getTemplates
FN:149,createTemplate
FN:233,getTemplateTypes
FN:252,getAvailableVariables
FN:275,getTemplate
FN:310,updateTemplate
FN:415,deleteTemplate
FN:458,duplicateTemplate
FN:526,testTemplate
FN:578,getTemplateUsage
FN:632,personalizeContent
FNF:13
FNH:0
FNDA:0,(anonymous_0)
FNDA:0,(anonymous_1)
FNDA:0,getTemplates
FNDA:0,createTemplate
FNDA:0,getTemplateTypes
FNDA:0,getAvailableVariables
FNDA:0,getTemplate
FNDA:0,updateTemplate
FNDA:0,deleteTemplate
FNDA:0,duplicateTemplate
FNDA:0,testTemplate
FNDA:0,getTemplateUsage
FNDA:0,personalizeContent
DA:1,0
DA:2,0
DA:3,0
DA:9,0
DA:11,0
DA:17,0
DA:18,0
DA:21,0
DA:22,0
DA:23,0
DA:26,0
DA:27,0
DA:28,0
DA:30,0
DA:32,0
DA:34,0
DA:36,0
DA:38,0
DA:40,0
DA:42,0
DA:44,0
DA:46,0
DA:48,0
DA:50,0
DA:52,0
DA:56,0
DA:57,0
DA:65,0
DA:75,0
DA:76,0
DA:77,0
DA:78,0
DA:80,0
DA:81,0
DA:82,0
DA:83,0
DA:86,0
DA:87,0
DA:88,0
DA:89,0
DA:92,0
DA:93,0
DA:94,0
DA:95,0
DA:99,0
DA:100,0
DA:101,0
DA:102,0
DA:105,0
DA:106,0
DA:108,0
DA:111,0
DA:112,0
DA:113,0
DA:115,0
DA:116,0
DA:117,0
DA:120,0
DA:121,0
DA:122,0
DA:125,0
DA:126,0
DA:127,0
DA:130,0
DA:132,0
DA:141,0
DA:142,0
DA:151,0
DA:152,0
DA:154,0
DA:157,0
DA:159,0
DA:160,0
DA:167,0
DA:168,0
DA:174,0
DA:175,0
DA:176,0
DA:182,0
DA:183,0
DA:184,0
DA:186,0
DA:187,0
DA:192,0
DA:195,0
DA:196,0
DA:204,0
DA:217,0
DA:219,0
DA:225,0
DA:226,0
DA:234,0
DA:244,0
DA:253,0
DA:267,0
DA:276,0
DA:277,0
DA:278,0
DA:280,0
DA:281,0
DA:284,0
DA:287,0
DA:294,0
DA:295,0
DA:297,0
DA:302,0
DA:303,0
DA:312,0
DA:313,0
DA:315,0
DA:319,0
DA:320,0
DA:321,0
DA:322,0
DA:323,0
DA:324,0
DA:325,0
DA:327,0
DA:328,0
DA:332,0
DA:333,0
DA:339,0
DA:340,0
DA:341,0
DA:342,0
DA:349,0
DA:350,0
DA:351,0
DA:352,0
DA:354,0
DA:355,0
DA:360,0
DA:364,0
DA:365,0
DA:370,0
DA:371,0
DA:372,0
DA:374,0
DA:375,0
DA:376,0
DA:377,0
DA:378,0
DA:382,0
DA:383,0
DA:386,0
DA:388,0
DA:395,0
DA:397,0
DA:398,0
DA:401,0
DA:407,0
DA:408,0
DA:416,0
DA:418,0
DA:419,0
DA:421,0
DA:422,0
DA:428,0
DA:429,0
DA:431,0
DA:432,0
DA:437,0
DA:438,0
DA:440,0
DA:441,0
DA:444,0
DA:450,0
DA:451,0
DA:460,0
DA:461,0
DA:463,0
DA:466,0
DA:468,0
DA:469,0
DA:471,0
DA:472,0
DA:475,0
DA:476,0
DA:479,0
DA:480,0
DA:482,0
DA:483,0
DA:489,0
DA:497,0
DA:510,0
DA:512,0
DA:518,0
DA:519,0
DA:528,0
DA:529,0
DA:531,0
DA:534,0
DA:536,0
DA:537,0
DA:539,0
DA:540,0
DA:543,0
DA:546,0
DA:549,0
DA:550,0
DA:552,0
DA:553,0
DA:554,0
DA:555,0
DA:556,0
DA:559,0
DA:570,0
DA:571,0
DA:579,0
DA:581,0
DA:582,0
DA:600,0
DA:603,0
DA:614,0
DA:616,0
DA:624,0
DA:625,0
DA:633,0
DA:635,0
LF:219
LH:0
BRDA:17,0,0,0
BRDA:17,0,1,0
BRDA:30,1,0,0
BRDA:30,1,1,0
BRDA:30,1,2,0
BRDA:30,1,3,0
BRDA:30,1,4,0
BRDA:30,1,5,0
BRDA:30,1,6,0
BRDA:30,1,7,0
BRDA:30,1,8,0
BRDA:30,1,9,0
BRDA:30,1,10,0
BRDA:67,2,0,0
BRDA:67,2,1,0
BRDA:69,3,0,0
BRDA:69,3,1,0
BRDA:70,4,0,0
BRDA:70,4,1,0
BRDA:71,5,0,0
BRDA:71,5,1,0
BRDA:72,6,0,0
BRDA:72,6,1,0
BRDA:80,7,0,0
BRDA:80,7,1,0
BRDA:86,8,0,0
BRDA:86,8,1,0
BRDA:92,9,0,0
BRDA:92,9,1,0
BRDA:100,10,0,0
BRDA:100,10,1,0
BRDA:101,11,0,0
BRDA:101,11,1,0
BRDA:115,12,0,0
BRDA:115,12,1,0
BRDA:120,13,0,0
BRDA:120,13,1,0
BRDA:125,14,0,0
BRDA:125,14,1,0
BRDA:159,15,0,0
BRDA:159,15,1,0
BRDA:159,16,0,0
BRDA:159,16,1,0
BRDA:161,17,0,0
BRDA:161,17,1,0
BRDA:162,18,0,0
BRDA:162,18,1,0
BRDA:167,19,0,0
BRDA:167,19,1,0
BRDA:175,20,0,0
BRDA:175,20,1,0
BRDA:175,21,0,0
BRDA:175,21,1,0
BRDA:186,22,0,0
BRDA:186,22,1,0
BRDA:206,23,0,0
BRDA:206,23,1,0
BRDA:208,24,0,0
BRDA:208,24,1,0
BRDA:210,25,0,0
BRDA:210,25,1,0
BRDA:212,26,0,0
BRDA:212,26,1,0
BRDA:213,27,0,0
BRDA:213,27,1,0
BRDA:214,28,0,0
BRDA:214,28,1,0
BRDA:280,29,0,0
BRDA:280,29,1,0
BRDA:327,30,0,0
BRDA:327,30,1,0
BRDA:332,31,0,0
BRDA:332,31,1,0
BRDA:332,32,0,0
BRDA:332,32,1,0
BRDA:339,33,0,0
BRDA:339,33,1,0
BRDA:341,34,0,0
BRDA:341,34,1,0
BRDA:349,35,0,0
BRDA:349,35,1,0
BRDA:354,36,0,0
BRDA:354,36,1,0
BRDA:375,37,0,0
BRDA:375,37,1,0
BRDA:382,38,0,0
BRDA:382,38,1,0
BRDA:397,39,0,0
BRDA:397,39,1,0
BRDA:421,40,0,0
BRDA:421,40,1,0
BRDA:431,41,0,0
BRDA:431,41,1,0
BRDA:440,42,0,0
BRDA:440,42,1,0
BRDA:471,43,0,0
BRDA:471,43,1,0
BRDA:476,44,0,0
BRDA:476,44,1,0
BRDA:482,45,0,0
BRDA:482,45,1,0
BRDA:499,46,0,0
BRDA:499,46,1,0
BRDA:507,47,0,0
BRDA:507,47,1,0
BRDA:539,48,0,0
BRDA:539,48,1,0
BRDA:550,49,0,0
BRDA:550,49,1,0
BRDA:550,50,0,0
BRDA:550,50,1,0
BRDA:579,51,0,0
BRDA:579,51,1,0
BRDA:633,52,0,0
BRDA:633,52,1,0
BRDA:636,53,0,0
BRDA:636,53,1,0
BRDA:637,54,0,0
BRDA:637,54,1,0
BRDA:638,55,0,0
BRDA:638,55,1,0
BRDA:638,56,0,0
BRDA:638,56,1,0
BRDA:639,57,0,0
BRDA:639,57,1,0
BRDA:640,58,0,0
BRDA:640,58,1,0
BRDA:641,59,0,0
BRDA:641,59,1,0
BRDA:642,60,0,0
BRDA:642,60,1,0
BRDA:644,61,0,0
BRDA:644,61,1,0
BRDA:645,62,0,0
BRDA:645,62,1,0
BRDA:646,63,0,0
BRDA:646,63,1,0
BRF:137
BRH:0
end_of_record
TN:
SF:submission-created.js
FN:4,(anonymous_0)
FN:52,(anonymous_1)
FNF:2
FNH:0
FNDA:0,(anonymous_0)
FNDA:0,(anonymous_1)
DA:1,0
DA:2,0
DA:4,0
DA:6,0
DA:7,0
DA:10,0
DA:13,0
DA:14,0
DA:16,0
DA:19,0
DA:21,0
DA:22,0
DA:25,0
DA:28,0
DA:29,0
DA:30,0
DA:40,0
DA:47,0
DA:50,0
DA:52,0
DA:53,0
DA:54,0
DA:59,0
DA:66,0
DA:68,0
DA:74,0
DA:76,0
LF:27
LH:0
BRDA:6,0,0,0
BRDA:6,0,1,0
BRDA:21,1,0,0
BRDA:21,1,1,0
BRDA:21,2,0,0
BRDA:21,2,1,0
BRDA:28,3,0,0
BRDA:28,3,1,0
BRDA:47,4,0,0
BRDA:47,4,1,0
BRDA:53,5,0,0
BRDA:53,5,1,0
BRF:12
BRH:0
end_of_record
TN:
SF:test-connection.js
FN:6,(anonymous_0)
FNF:1
FNH:0
FNDA:0,(anonymous_0)
DA:6,0
DA:7,0
DA:9,0
DA:10,0
DA:31,0
DA:32,0
LF:6
LH:0
BRDA:24,0,0,0
BRDA:24,0,1,0
BRDA:26,1,0,0
BRDA:26,1,1,0
BRF:4
BRH:0
end_of_record
TN:
SF:test-health.js
FN:9,(anonymous_0)
FNF:1
FNH:0
FNDA:0,(anonymous_0)
DA:2,0
DA:3,0
DA:4,0
DA:6,0
DA:9,0
DA:10,0
DA:11,0
DA:13,0
DA:14,0
LF:9
LH:0
BRDA:3,0,0,0
BRDA:3,0,1,0
BRDA:4,1,0,0
BRDA:4,1,1,0
BRDA:10,2,0,0
BRDA:10,2,1,0
BRF:6
BRH:0
end_of_record
TN:
SF:test-minimal.js
FN:1,(anonymous_0)
FNF:1
FNH:0
FNDA:0,(anonymous_0)
DA:1,0
DA:2,0
LF:2
LH:0
BRF:0
BRH:0
end_of_record
TN:
SF:test-performance-simple.js
FN:82,(anonymous_0)
FN:107,(anonymous_1)
FNF:2
FNH:0
FNDA:0,(anonymous_0)
FNDA:0,(anonymous_1)
DA:2,0
DA:5,0
DA:6,0
DA:17,0
DA:18,0
DA:19,0
DA:20,0
DA:21,0
DA:24,0
DA:25,0
DA:40,0
DA:41,0
DA:42,0
DA:43,0
DA:44,0
DA:45,0
DA:48,0
DA:49,0
DA:55,0
DA:56,0
DA:57,0
DA:58,0
DA:59,0
DA:62,0
DA:63,0
DA:81,0
DA:82,0
DA:83,0
DA:87,0
DA:88,0
DA:106,0
DA:107,0
DA:108,0
DA:109,0
DA:110,0
DA:114,0
DA:115,0
DA:122,0
DA:123,0
DA:124,0
DA:125,0
DA:126,0
DA:128,0
LF:43
LH:0
BRF:0
BRH:0
end_of_record
TN:
SF:test-performance.js
FN:104,(anonymous_0)
FN:129,(anonymous_1)
FNF:2
FNH:0
FNDA:0,(anonymous_0)
FNDA:0,(anonymous_1)
DA:2,0
DA:3,0
DA:5,0
DA:8,0
DA:9,0
DA:10,0
DA:21,0
DA:22,0
DA:23,0
DA:24,0
DA:25,0
DA:27,0
DA:31,0
DA:32,0
DA:34,0
DA:49,0
DA:50,0
DA:51,0
DA:52,0
DA:53,0
DA:54,0
DA:57,0
DA:59,0
DA:63,0
DA:64,0
DA:65,0
DA:68,0
DA:74,0
DA:75,0
DA:76,0
DA:77,0
DA:78,0
DA:80,0
DA:84,0
DA:85,0
DA:103,0
DA:104,0
DA:105,0
DA:109,0
DA:110,0
DA:128,0
DA:129,0
DA:130,0
DA:131,0
DA:132,0
DA:135,0
LF:46
LH:0
BRF:0
BRH:0
end_of_record
TN:
SF:test-security-simple.js
FNF:0
FNH:0
DA:2,0
DA:3,0
DA:5,0
DA:8,0
DA:9,0
DA:10,0
DA:11,0
DA:14,0
DA:15,0
DA:16,0
DA:19,0
DA:20,0
DA:21,0
DA:22,0
DA:25,0
DA:26,0
DA:27,0
DA:28,0
DA:29,0
DA:30,0
DA:31,0
DA:32,0
DA:33,0
DA:35,0
DA:39,0
DA:40,0
DA:41,0
DA:42,0
DA:43,0
DA:44,0
DA:45,0
DA:46,0
DA:47,0
DA:49,0
DA:52,0
LF:35
LH:0
BRF:0
BRH:0
end_of_record
TN:
SF:test-security.js
FNF:0
FNH:0
DA:2,0
DA:3,0
DA:4,0
DA:6,0
DA:9,0
DA:10,0
DA:11,0
DA:12,0
DA:15,0
DA:16,0
DA:17,0
DA:20,0
DA:21,0
DA:22,0
DA:28,0
DA:30,0
DA:34,0
DA:35,0
DA:36,0
DA:37,0
DA:38,0
DA:41,0
DA:42,0
DA:43,0
DA:44,0
DA:45,0
DA:46,0
DA:47,0
DA:48,0
DA:49,0
DA:51,0
DA:54,0
LF:32
LH:0
BRF:0
BRH:0
end_of_record
TN:
SF:vehicle-details.js
FN:4,(anonymous_0)
FNF:1
FNH:0
FNDA:0,(anonymous_0)
DA:1,0
DA:2,0
DA:4,0
DA:6,0
DA:8,0
DA:9,0
DA:12,0
DA:14,0
DA:16,0
DA:22,0
DA:24,0
DA:25,0
DA:28,0
DA:34,0
DA:37,0
DA:49,0
LF:16
LH:0
BRDA:8,0,0,0
BRDA:8,0,1,0
BRDA:22,1,0,0
BRDA:22,1,1,0
BRDA:24,2,0,0
BRDA:24,2,1,0
BRF:6
BRH:0
end_of_record
TN:
SF:utils/auth-middleware.js
FN:21,authenticateRequest
FN:75,(anonymous_1)
FN:114,getCookieValue
FN:133,checkRateLimit
FNF:4
FNH:0
FNDA:0,authenticateRequest
FNDA:0,(anonymous_1)
FNDA:0,getCookieValue
FNDA:0,checkRateLimit
DA:1,0
DA:2,0
DA:3,0
DA:4,0
DA:7,0
DA:8,0
DA:10,0
DA:26,0
DA:29,0
DA:33,0
DA:34,0
DA:35,0
DA:40,0
DA:43,0
DA:45,0
DA:46,0
DA:53,0
DA:56,0
DA:57,0
DA:58,0
DA:65,0
DA:66,0
DA:73,0
DA:74,0
DA:75,0
DA:76,0
DA:77,0
DA:84,0
DA:97,0
DA:98,0
DA:103,0
DA:115,0
DA:117,0
DA:118,0
DA:119,0
DA:120,0
DA:121,0
DA:124,0
DA:131,0
DA:134,0
DA:135,0
DA:137,0
DA:138,0
DA:139,0
DA:142,0
DA:144,0
DA:146,0
DA:147,0
DA:150,0
DA:151,0
DA:154,0
DA:155,0
DA:158,0
LF:53
LH:0
BRDA:7,0,0,0
BRDA:7,0,1,0
BRDA:21,1,0,0
BRDA:23,2,0,0
BRDA:24,3,0,0
BRDA:25,4,0,0
BRDA:29,5,0,0
BRDA:29,5,1,0
BRDA:29,5,2,0
BRDA:33,6,0,0
BRDA:33,6,1,0
BRDA:34,7,0,0
BRDA:34,7,1,0
BRDA:45,8,0,0
BRDA:45,8,1,0
BRDA:57,9,0,0
BRDA:57,9,1,0
BRDA:57,10,0,0
BRDA:57,10,1,0
BRDA:65,11,0,0
BRDA:65,11,1,0
BRDA:65,12,0,0
BRDA:65,12,1,0
BRDA:73,13,0,0
BRDA:73,13,1,0
BRDA:74,14,0,0
BRDA:74,14,1,0
BRDA:76,15,0,0
BRDA:76,15,1,0
BRDA:97,16,0,0
BRDA:97,16,1,0
BRDA:115,17,0,0
BRDA:115,17,1,0
BRDA:120,18,0,0
BRDA:120,18,1,0
BRDA:133,19,0,0
BRDA:133,20,0,0
BRDA:137,21,0,0
BRDA:137,21,1,0
BRDA:144,22,0,0
BRDA:144,22,1,0
BRDA:150,23,0,0
BRDA:150,23,1,0
BRF:43
BRH:0
end_of_record
TN:
SF:utils/cors-middleware.js
FN:17,handleCors
FN:33,addCorsHeaders
FNF:2
FNH:0
FNDA:0,handleCors
FNDA:0,addCorsHeaders
DA:4,0
DA:18,0
DA:19,0
DA:25,0
DA:34,0
DA:43,0
LF:6
LH:0
BRDA:18,0,0,0
BRDA:18,0,1,0
BRF:2
BRH:0
end_of_record
TN:
SF:utils/crm-service.js
FN:8,(anonymous_0)
FN:20,(anonymous_1)
FN:49,(anonymous_2)
FN:68,(anonymous_3)
FN:105,(anonymous_4)
FN:144,(anonymous_5)
FN:180,(anonymous_6)
FN:218,(anonymous_7)
FN:241,(anonymous_8)
FN:266,(anonymous_9)
FNF:10
FNH:0
FNDA:0,(anonymous_0)
FNDA:0,(anonymous_1)
FNDA:0,(anonymous_2)
FNDA:0,(anonymous_3)
FNDA:0,(anonymous_4)
FNDA:0,(anonymous_5)
FNDA:0,(anonymous_6)
FNDA:0,(anonymous_7)
FNDA:0,(anonymous_8)
FNDA:0,(anonymous_9)
DA:1,0
DA:9,0
DA:10,0
DA:11,0
DA:12,0
DA:21,0
DA:22,0
DA:23,0
DA:26,0
DA:27,0
DA:28,0
DA:35,0
DA:36,0
DA:50,0
DA:52,0
DA:54,0
DA:56,0
DA:58,0
DA:60,0
DA:69,0
DA:83,0
DA:95,0
DA:106,0
DA:122,0
DA:134,0
DA:145,0
DA:158,0
DA:170,0
DA:181,0
DA:196,0
DA:208,0
DA:219,0
DA:231,0
DA:242,0
DA:243,0
DA:246,0
DA:248,0
DA:249,0
DA:255,0
DA:257,0
DA:258,0
DA:267,0
DA:269,0
DA:271,0
DA:273,0
DA:275,0
DA:277,0
DA:282,0
LF:48
LH:0
BRDA:9,0,0,0
BRDA:9,0,1,0
BRDA:21,1,0,0
BRDA:21,1,1,0
BRDA:21,2,0,0
BRDA:21,2,1,0
BRDA:31,3,0,0
BRDA:31,3,1,0
BRDA:50,4,0,0
BRDA:50,4,1,0
BRDA:50,4,2,0
BRDA:50,4,3,0
BRDA:50,4,4,0
BRDA:74,5,0,0
BRDA:74,5,1,0
BRDA:232,6,0,0
BRDA:232,6,1,0
BRDA:232,6,2,0
BRDA:242,7,0,0
BRDA:242,7,1,0
BRDA:242,8,0,0
BRDA:242,8,1,0
BRDA:267,9,0,0
BRDA:267,9,1,0
BRDA:267,9,2,0
BRDA:267,9,3,0
BRDA:267,9,4,0
BRF:27
BRH:0
end_of_record
TN:
SF:utils/data-normalizer.js
FN:12,(anonymous_0)
FN:28,(anonymous_1)
FN:49,(anonymous_2)
FN:58,(anonymous_3)
FN:67,(anonymous_4)
FN:84,(anonymous_5)
FNF:6
FNH:0
FNDA:0,(anonymous_0)
FNDA:0,(anonymous_1)
FNDA:0,(anonymous_2)
FNDA:0,(anonymous_3)
FNDA:0,(anonymous_4)
FNDA:0,(anonymous_5)
DA:1,0
DA:13,0
DA:15,0
DA:29,0
DA:31,0
DA:32,0
DA:33,0
DA:34,0
DA:37,0
DA:41,0
DA:50,0
DA:52,0
DA:58,0
DA:68,0
DA:70,0
DA:71,0
DA:73,0
DA:85,0
DA:87,0
DA:88,0
DA:91,0
DA:92,0
DA:95,0
DA:96,0
DA:97,0
DA:98,0
DA:99,0
DA:102,0
DA:106,0
LF:29
LH:0
BRDA:13,0,0,0
BRDA:13,0,1,0
BRDA:28,1,0,0
BRDA:29,2,0,0
BRDA:29,2,1,0
BRDA:33,3,0,0
BRDA:33,3,1,0
BRDA:33,4,0,0
BRDA:33,4,1,0
BRDA:50,5,0,0
BRDA:50,5,1,0
BRDA:68,6,0,0
BRDA:68,6,1,0
BRDA:74,7,0,0
BRDA:74,7,1,0
BRDA:75,8,0,0
BRDA:75,8,1,0
BRDA:87,9,0,0
BRDA:87,9,1,0
BRDA:91,10,0,0
BRDA:91,10,1,0
BRDA:95,11,0,0
BRDA:95,11,1,0
BRF:23
BRH:0
end_of_record
TN:
SF:utils/database-service.js
FN:15,getPgPool
FN:36,(anonymous_1)
FN:44,(anonymous_2)
FN:72,(anonymous_3)
FN:74,(anonymous_4)
FN:81,initializeConnections
FN:122,query
FN:219,(anonymous_7)
FN:230,(anonymous_8)
FN:247,(anonymous_9)
FN:291,(anonymous_10)
FN:319,(anonymous_11)
FN:398,(anonymous_12)
FN:441,(anonymous_13)
FN:462,(anonymous_14)
FN:491,(anonymous_15)
FN:515,(anonymous_16)
FN:549,(anonymous_17)
FN:573,(anonymous_18)
FN:607,(anonymous_19)
FN:628,(anonymous_20)
FN:654,(anonymous_21)
FN:685,(anonymous_22)
FN:770,(anonymous_23)
FN:822,(anonymous_24)
FN:857,(anonymous_25)
FN:900,(anonymous_26)
FN:924,(anonymous_27)
FN:966,(anonymous_28)
FN:999,(anonymous_29)
FN:1037,(anonymous_30)
FN:1078,(anonymous_31)
FN:1096,(anonymous_32)
FN:1114,(anonymous_33)
FN:1155,(anonymous_34)
FN:1176,(anonymous_35)
FN:1196,(anonymous_36)
FN:1212,(anonymous_37)
FN:1228,(anonymous_38)
FN:1276,(anonymous_39)
FN:1295,(anonymous_40)
FN:1354,(anonymous_41)
FN:1369,(anonymous_42)
FN:1429,(anonymous_43)
FN:1472,(anonymous_44)
FN:1487,(anonymous_45)
FNF:46
FNH:0
FNDA:0,getPgPool
FNDA:0,(anonymous_1)
FNDA:0,(anonymous_2)
FNDA:0,(anonymous_3)
FNDA:0,(anonymous_4)
FNDA:0,initializeConnections
FNDA:0,query
FNDA:0,(anonymous_7)
FNDA:0,(anonymous_8)
FNDA:0,(anonymous_9)
FNDA:0,(anonymous_10)
FNDA:0,(anonymous_11)
FNDA:0,(anonymous_12)
FNDA:0,(anonymous_13)
[...]
DA:140,0
DA:141,0
DA:148,0
DA:149,0
DA:160,0
DA:161,0
DA:162,0
DA:165,0
DA:166,0
DA:173,0
DA:174,0
DA:175,0
DA:178,0
DA:179,0
DA:186,0
DA:187,0
DA:197,0
DA:198,0
DA:201,0
DA:202,0
DA:210,0
DA:212,0
DA:228,0
DA:230,0
DA:267,0
DA:270,0
DA:271,0
DA:275,0
DA:278,0
DA:279,0
DA:283,0
DA:284,0
DA:288,0
DA:289,0
DA:292,0
DA:293,0
DA:294,0
DA:295,0
DA:297,0
DA:305,0
DA:308,0
DA:309,0
DA:313,0
DA:316,0
DA:317,0
DA:321,0
DA:322,0
DA:326,0
DA:327,0
DA:331,0
DA:332,0
DA:335,0
DA:342,0
DA:343,0
DA:346,0
DA:347,0
DA:348,0
DA:350,0
DA:358,0
DA:361,0
DA:369,0
DA:371,0
DA:373,0
DA:376,0
DA:384,0
DA:387,0
DA:388,0
DA:389,0
DA:391,0
DA:392,0
DA:393,0
DA:395,0
DA:396,0
DA:397,0
DA:399,0
DA:400,0
DA:401,0
DA:404,0
DA:405,0
DA:406,0
DA:408,0
DA:409,0
DA:410,0
DA:413,0
DA:414,0
DA:415,0
DA:417,0
DA:418,0
DA:419,0
DA:422,0
DA:423,0
DA:424,0
DA:426,0
DA:433,0
DA:460,0
DA:461,0
DA:463,0
DA:468,0
DA:470,0
LF:136
LH:0
BRDA:65,0,0,0
BRDA:68,1,0,0
BRDA:68,1,1,0
BRDA:68,2,0,0
BRDA:68,2,1,0
BRDA:74,3,0,0
BRDA:74,3,1,0
BRDA:86,4,0,0
BRDA:86,4,1,0
BRDA:93,5,0,0
BRDA:93,5,1,0
BRDA:93,6,0,0
BRDA:93,6,1,0
BRDA:107,7,0,0
BRDA:110,8,0,0
BRDA:110,8,1,0
BRDA:118,9,0,0
BRDA:118,9,1,0
BRDA:124,10,0,0
BRDA:124,10,1,0
BRDA:160,11,0,0
BRDA:160,11,1,0
BRDA:173,12,0,0
BRDA:173,12,1,0
BRDA:187,13,0,0
BRDA:187,13,1,0
BRDA:197,14,0,0
BRDA:197,14,1,0
BRDA:201,15,0,0
BRDA:201,15,1,0
BRDA:237,16,0,0
BRDA:237,16,1,0
BRDA:247,17,0,0
BRDA:247,17,1,0
BRDA:270,18,0,0
BRDA:270,18,1,0
BRDA:275,19,0,0
BRDA:275,19,1,0
BRDA:278,20,0,0
BRDA:278,20,1,0
BRDA:283,21,0,0
BRDA:283,21,1,0
BRDA:288,22,0,0
BRDA:288,22,1,0
BRDA:292,23,0,0
BRDA:292,23,1,0
BRDA:294,24,0,0
BRDA:294,24,1,0
BRDA:308,25,0,0
BRDA:308,25,1,0
BRDA:313,26,0,0
BRDA:313,26,1,0
BRDA:316,27,0,0
BRDA:316,27,1,0
BRDA:321,28,0,0
BRDA:321,28,1,0
BRDA:326,29,0,0
BRDA:326,29,1,0
BRDA:331,30,0,0
BRDA:331,30,1,0
BRDA:355,31,0,0
BRDA:355,31,1,0
BRDA:368,32,0,0
BRDA:371,33,0,0
BRDA:371,33,1,0
BRDA:371,33,2,0
BRF:66
BRH:0
end_of_record
TN:
SF:utils/redis-cache-service.js
FN:9,(anonymous_0)
FN:26,(anonymous_1)
FN:31,(anonymous_2)
FN:79,(anonymous_3)
FN:84,(anonymous_4)
FN:88,(anonymous_5)
FN:94,(anonymous_6)
FN:99,(anonymous_7)
FN:121,(anonymous_8)
FN:128,(anonymous_9)
FN:155,(anonymous_10)
FN:182,(anonymous_11)
FN:201,(anonymous_12)
FN:220,(anonymous_13)
FN:239,(anonymous_14)
FN:257,(anonymous_15)
FN:279,(anonymous_16)
FN:306,(anonymous_17)
FN:314,(anonymous_18)
FN:325,(anonymous_19)
FN:345,(anonymous_20)
FN:353,(anonymous_21)
FN:364,(anonymous_22)
FN:389,(anonymous_23)
FN:412,(anonymous_24)
FN:424,(anonymous_25)
FN:436,(anonymous_26)
FN:465,(anonymous_27)
FN:477,(anonymous_28)
FN:482,(anonymous_29)
FN:486,(anonymous_30)
FNF:31
FNH:0
FNDA:0,(anonymous_0)
FNDA:0,(anonymous_1)
FNDA:0,(anonymous_2)
FNDA:0,(anonymous_3)
FNDA:0,(anonymous_4)
FNDA:0,(anonymous_5)
FNDA:0,(anonymous_6)
FNDA:0,(anonymous_7)
FNDA:0,(anonymous_8)
FNDA:0,(anonymous_9)
FNDA:0,(anonymous_10)
FNDA:0,(anonymous_11)
FNDA:0,(anonymous_12)
FNDA:0,(anonymous_13)
FNDA:0,(anonymous_14)
FNDA:0,(anonymous_15)
FNDA:0,(anonymous_16)
FNDA:0,(anonymous_17)
FNDA:0,(anonymous_18)
FNDA:0,(anonymous_19)
FNDA:0,(anonymous_20)
FNDA:0,(anonymous_21)
FNDA:0,(anonymous_22)
FNDA:0,(anonymous_23)
FNDA:0,(anonymous_24)
FNDA:0,(anonymous_25)
FNDA:0,(anonymous_26)
FNDA:0,(anonymous_27)
FNDA:0,(anonymous_28)
FNDA:0,(anonymous_29)
FNDA:0,(anonymous_30)
DA:6,0
DA:10,0
DA:11,0
DA:12,0
DA:13,0
DA:14,0
DA:15,0
DA:27,0
DA:28,0
DA:31,0
DA:32,0
DA:34,0
DA:38,0
DA:39,0
DA:40,0
DA:44,0
DA:65,0
DA:67,0
DA:75,0
DA:79,0
DA:80,0
DA:81,0
DA:84,0
DA:85,0
DA:88,0
DA:89,0
DA:90,0
DA:91,0
DA:94,0
DA:95,0
DA:96,0
DA:99,0
DA:100,0
DA:104,0
DA:105,0
DA:107,0
DA:109,0
DA:110,0
DA:111,0
DA:115,0
DA:122,0
DA:129,0
DA:130,0
DA:131,0
DA:134,0
DA:135,0
DA:136,0
DA:138,0
DA:139,0
DA:140,0
DA:142,0
DA:143,0
DA:146,0
DA:147,0
DA:148,0
DA:156,0
DA:157,0
DA:160,0
DA:161,0
DA:162,0
DA:164,0
DA:165,0
DA:167,0
DA:170,0
DA:171,0
DA:173,0
DA:174,0
DA:175,0
DA:183,0
DA:184,0
DA:187,0
DA:188,0
DA:189,0
DA:190,0
DA:192,0
DA:193,0
DA:194,0
DA:202,0
DA:203,0
DA:206,0
DA:207,0
DA:208,0
DA:209,0
DA:211,0
DA:212,0
DA:213,0
DA:221,0
DA:222,0
DA:225,0
DA:226,0
DA:227,0
DA:228,0
DA:230,0
DA:231,0
DA:232,0
DA:240,0
DA:241,0
DA:244,0
DA:245,0
DA:246,0
DA:248,0
DA:249,0
DA:250,0
DA:258,0
DA:259,0
DA:262,0
DA:263,0
DA:264,0
DA:265,0
DA:267,0
DA:270,0
DA:271,0
DA:272,0
DA:280,0
DA:281,0
DA:284,0
DA:285,0
DA:286,0
DA:288,0
DA:289,0
DA:290,0
DA:292,0
DA:295,0
DA:297,0
DA:298,0
DA:299,0
DA:307,0
DA:308,0
DA:311,0
DA:312,0
DA:313,0
DA:314,0
DA:316,0
DA:317,0
DA:318,0
DA:326,0
DA:327,0
DA:330,0
DA:331,0
DA:332,0
DA:333,0
DA:334,0
DA:336,0
DA:337,0
DA:338,0
DA:346,0
DA:347,0
DA:350,0
DA:351,0
DA:352,0
DA:353,0
DA:355,0
DA:356,0
DA:357,0
DA:365,0
DA:366,0
DA:369,0
DA:370,0
DA:371,0
DA:373,0
DA:374,0
DA:375,0
DA:378,0
DA:380,0
DA:381,0
DA:382,0
DA:390,0
DA:392,0
DA:393,0
DA:394,0
DA:395,0
DA:397,0
DA:398,0
DA:399,0
DA:402,0
DA:406,0
DA:413,0
DA:414,0
DA:425,0
DA:437,0
DA:438,0
DA:441,0
DA:442,0
DA:443,0
DA:444,0
DA:446,0
DA:453,0
DA:466,0
DA:467,0
DA:468,0
DA:474,0
DA:477,0
DA:478,0
DA:482,0
DA:483,0
DA:486,0
DA:487,0
DA:490,0
LF:198
LH:0
BRDA:27,0,0,0
BRDA:27,0,1,0
BRDA:34,1,0,0
BRDA:34,1,1,0
BRDA:34,1,2,0
BRDA:38,2,0,0
BRDA:38,2,1,0
BRDA:61,3,0,0
BRDA:61,3,1,0
BRDA:65,4,0,0
BRDA:65,4,1,0
BRDA:65,5,0,0
BRDA:65,5,1,0
BRDA:129,6,0,0
BRDA:129,6,1,0
BRDA:129,7,0,0
BRDA:129,7,1,0
BRDA:138,8,0,0
BRDA:138,8,1,0
BRDA:155,9,0,0
BRDA:156,10,0,0
BRDA:156,10,1,0
BRDA:156,11,0,0
BRDA:156,11,1,0
BRDA:164,12,0,0
BRDA:164,12,1,0
BRDA:183,13,0,0
BRDA:183,13,1,0
BRDA:183,14,0,0
BRDA:183,14,1,0
BRDA:202,15,0,0
BRDA:202,15,1,0
BRDA:202,16,0,0
BRDA:202,16,1,0
BRDA:221,17,0,0
BRDA:221,17,1,0
BRDA:221,18,0,0
BRDA:221,18,1,0
BRDA:240,19,0,0
BRDA:240,19,1,0
BRDA:240,20,0,0
BRDA:240,20,1,0
BRDA:257,21,0,0
BRDA:258,22,0,0
BRDA:258,22,1,0
BRDA:258,23,0,0
BRDA:258,23,1,0
BRDA:264,24,0,0
BRDA:264,24,1,0
BRDA:279,25,0,0
BRDA:280,26,0,0
BRDA:280,26,1,0
BRDA:280,27,0,0
BRDA:280,27,1,0
BRDA:288,28,0,0
BRDA:288,28,1,0
BRDA:306,29,0,0
BRDA:306,30,0,0
BRDA:307,31,0,0
BRDA:307,31,1,0
BRDA:307,32,0,0
BRDA:307,32,1,0
BRDA:326,33,0,0
BRDA:326,33,1,0
BRDA:326,34,0,0
BRDA:326,34,1,0
BRDA:346,35,0,0
BRDA:346,35,1,0
BRDA:346,36,0,0
BRDA:346,36,1,0
BRDA:365,37,0,0
BRDA:365,37,1,0
BRDA:365,38,0,0
BRDA:365,38,1,0
BRDA:373,39,0,0
BRDA:373,39,1,0
BRDA:389,40,0,0
BRDA:397,41,0,0
BRDA:397,41,1,0
BRDA:416,42,0,0
BRDA:416,42,1,0
BRDA:437,43,0,0
BRDA:437,43,1,0
BRDA:466,44,0,0
BRDA:466,44,1,0
BRF:85
BRH:0
end_of_record
TN:
SF:utils/search-index-service.js
FN:9,(anonymous_0)
FN:20,(anonymous_1)
FN:59,(anonymous_2)
FN:99,(anonymous_3)
FN:154,(anonymous_4)
FN:203,(anonymous_5)
FN:246,(anonymous_6)
FN:301,(anonymous_7)
FN:322,(anonymous_8)
FN:338,(anonymous_9)
FN:376,(anonymous_10)
FN:398,(anonymous_11)
FN:444,(anonymous_12)
FN:480,(anonymous_13)
FN:506,(anonymous_14)
FN:539,(anonymous_15)
FN:547,(anonymous_16)
FN:585,(anonymous_17)
FN:593,(anonymous_18)
FNF:19
FNH:0
FNDA:0,(anonymous_0)
FNDA:0,(anonymous_1)
FNDA:0,(anonymous_2)
FNDA:0,(anonymous_3)
FNDA:0,(anonymous_4)
FNDA:0,(anonymous_5)
FNDA:0,(anonymous_6)
FNDA:0,(anonymous_7)
FNDA:0,(anonymous_8)
FNDA:0,(anonymous_9)
FNDA:0,(anonymous_10)
FNDA:0,(anonymous_11)
FNDA:0,(anonymous_12)
FNDA:0,(anonymous_13)
FNDA:0,(anonymous_14)
FNDA:0,(anonymous_15)
FNDA:0,(anonymous_16)
FNDA:0,(anonymous_17)
FNDA:0,(anonymous_18)
DA:6,0
DA:10,0
DA:11,0
DA:12,0
DA:21,0
DA:28,0
DA:29,0
DA:30,0
DA:31,0
DA:32,0
DA:33,0
DA:35,0
DA:36,0
DA:43,0
DA:46,0
DA:48,0
DA:51,0
DA:52,0
DA:60,0
DA:66,0
DA:67,0
DA:69,0
DA:70,0
DA:71,0
DA:73,0
DA:74,0
DA:75,0
DA:77,0
DA:78,0
DA:79,0
DA:81,0
DA:82,0
DA:83,0
DA:85,0
DA:88,0
DA:91,0
DA:92,0
DA:101,0
DA:113,0
DA:116,0
DA:147,0
DA:148,0
DA:155,0
DA:167,0
DA:169,0
DA:196,0
DA:197,0
DA:204,0
DA:216,0
DA:218,0
DA:239,0
DA:240,0
DA:247,0
DA:259,0
DA:261,0
DA:292,0
DA:293,0
DA:302,0
DA:304,0
DA:305,0
DA:308,0
DA:309,0
DA:312,0
DA:313,0
DA:314,0
DA:315,0
DA:317,0
DA:322,0
DA:325,0
DA:326,0
DA:328,0
DA:339,0
DA:346,0
DA:353,0
DA:354,0
DA:356,0
DA:359,0
DA:371,0
DA:372,0
DA:375,0
DA:377,0
DA:378,0
DA:387,0
DA:390,0
DA:391,0
DA:401,0
DA:403,0
DA:404,0
DA:405,0
DA:407,0
DA:413,0
DA:414,0
DA:416,0
DA:422,0
DA:423,0
DA:425,0
DA:426,0
DA:427,0
DA:429,0
DA:432,0
DA:433,0
DA:434,0
DA:436,0
DA:437,0
DA:445,0
DA:458,0
DA:470,0
DA:471,0
DA:473,0
DA:481,0
DA:482,0
DA:484,0
DA:485,0
DA:493,0
DA:494,0
DA:507,0
DA:513,0
DA:514,0
DA:515,0
DA:516,0
DA:517,0
DA:519,0
DA:520,0
DA:527,0
DA:528,0
DA:531,0
DA:532,0
DA:541,0
DA:542,0
DA:543,0
DA:545,0
DA:547,0
DA:551,0
DA:552,0
DA:553,0
DA:555,0
DA:556,0
DA:560,0
DA:577,0
DA:579,0
DA:586,0
DA:587,0
DA:596,0
DA:612,0
LF:144
LH:0
BRDA:20,0,0,0
BRDA:67,1,0,0
BRDA:67,1,1,0
BRDA:67,1,2,0
BRDA:67,1,3,0
BRDA:67,1,4,0
BRDA:148,2,0,0
BRDA:148,2,1,0
BRDA:197,3,0,0
BRDA:197,3,1,0
BRDA:240,4,0,0
BRDA:240,4,1,0
BRDA:293,5,0,0
BRDA:293,5,1,0
BRDA:302,6,0,0
BRDA:304,7,0,0
BRDA:304,7,1,0
BRDA:304,8,0,0
BRDA:304,8,1,0
BRDA:322,9,0,0
BRDA:322,9,1,0
BRDA:322,10,0,0
BRDA:322,10,1,0
BRDA:325,11,0,0
BRDA:325,12,0,0
BRDA:356,13,0,0
BRDA:356,13,1,0
BRDA:401,14,0,0
BRDA:401,14,1,0
BRDA:401,14,2,0
BRDA:401,14,3,0
BRDA:401,14,4,0
BRDA:434,15,0,0
BRDA:434,15,1,0
BRDA:463,16,0,0
BRDA:463,16,1,0
BRDA:484,17,0,0
BRDA:484,17,1,0
BRDA:499,18,0,0
BRDA:499,18,1,0
BRDA:506,19,0,0
BRDA:545,20,0,0
BRDA:545,20,1,0
BRDA:553,21,0,0
BRDA:553,21,1,0
BRDA:555,22,0,0
BRDA:555,22,1,0
BRDA:593,23,0,0
BRF:48
BRH:0
end_of_record
TN:
SF:utils/search-service.js
FN:15,(anonymous_0)
FN:63,(anonymous_1)
FN:71,(anonymous_2)
FN:73,(anonymous_3)
FN:84,(anonymous_4)
FN:86,(anonymous_5)
FN:126,(anonymous_6)
FN:151,(anonymous_7)
FN:209,(anonymous_8)
FN:267,(anonymous_9)
FN:316,(anonymous_10)
FN:366,(anonymous_11)
FN:414,(anonymous_12)
FN:508,(anonymous_13)
FN:526,(anonymous_14)
FN:539,(anonymous_15)
FN:563,(anonymous_16)
FN:578,(anonymous_17)
FN:583,(anonymous_18)
FN:589,(anonymous_19)
FN:597,(anonymous_20)
FN:605,(anonymous_21)
FN:606,(anonymous_22)
FN:607,(anonymous_23)
FN:608,(anonymous_24)
FN:613,(anonymous_25)
FN:624,(anonymous_26)
FN:634,(anonymous_27)
FN:649,(anonymous_28)
FN:656,(anonymous_29)
FN:665,(anonymous_30)
FN:672,(anonymous_31)
FN:683,(anonymous_32)
FN:711,(anonymous_33)
FN:716,(anonymous_34)
FN:729,(anonymous_35)
FN:744,(anonymous_36)
FNF:37
FNH:0
FNDA:0,(anonymous_0)
FNDA:0,(anonymous_1)
FNDA:0,(anonymous_2)
FNDA:0,(anonymous_3)
FNDA:0,(anonymous_4)
FNDA:0,(anonymous_5)
FNDA:0,(anonymous_6)
FNDA:0,(anonymous_7)
FNDA:0,(anonymous_8)
FNDA:0,(anonymous_9)
FNDA:0,(anonymous_10)
FNDA:0,(anonymous_11)
FNDA:0,(anonymous_12)
FNDA:0,(anonymous_13)
FNDA:0,(anonymous_14)
FNDA:0,(anonymous_15)
FNDA:0,(anonymous_16)
FNDA:0,(anonymous_17)
FNDA:0,(anonymous_18)
FNDA:0,(anonymous_19)
FNDA:0,(anonymous_20)
FNDA:0,(anonymous_21)
FNDA:0,(anonymous_22)
FNDA:0,(anonymous_23)
FNDA:0,(anonymous_24)
FNDA:0,(anonymous_25)
FNDA:0,(anonymous_26)
FNDA:0,(anonymous_27)
FNDA:0,(anonymous_28)
FNDA:0,(anonymous_29)
FNDA:0,(anonymous_30)
FNDA:0,(anonymous_31)
FNDA:0,(anonymous_32)
FNDA:0,(anonymous_33)
FNDA:0,(anonymous_34)
FNDA:0,(anonymous_35)
FNDA:0,(anonymous_36)
DA:6,0
DA:7,0
DA:16,0
DA:27,0
DA:29,0
DA:38,0
DA:41,0
DA:42,0
DA:43,0
DA:44,0
DA:45,0
DA:46,0
DA:47,0
DA:48,0
DA:51,0
DA:52,0
DA:55,0
DA:58,0
DA:63,0
DA:64,0
DA:67,0
DA:70,0
DA:71,0
DA:72,0
DA:73,0
DA:74,0
DA:83,0
DA:84,0
DA:86,0
DA:87,0
DA:88,0
DA:89,0
DA:91,0
DA:92,0
DA:93,0
DA:98,0
DA:101,0
DA:102,0
DA:105,0
DA:106,0
DA:107,0
DA:109,0
DA:112,0
DA:113,0
DA:127,0
DA:128,0
DA:130,0
DA:132,0
DA:134,0
DA:136,0
DA:138,0
DA:140,0
DA:143,0
DA:144,0
DA:152,0
DA:165,0
DA:166,0
DA:169,0
DA:170,0
DA:180,0
DA:181,0
DA:185,0
DA:187,0
DA:197,0
DA:199,0
DA:200,0
DA:210,0
DA:227,0
DA:228,0
DA:231,0
DA:232,0
DA:242,0
DA:243,0
DA:247,0
DA:249,0
DA:255,0
DA:257,0
DA:258,0
DA:268,0
DA:282,0
DA:283,0
DA:286,0
DA:287,0
DA:296,0
DA:297,0
DA:301,0
DA:303,0
DA:304,0
DA:306,0
DA:307,0
DA:317,0
DA:326,0
DA:327,0
DA:330,0
DA:331,0
DA:341,0
DA:342,0
DA:346,0
DA:348,0
DA:354,0
DA:356,0
DA:357,0
DA:367,0
DA:381,0
DA:382,0
DA:385,0
DA:386,0
DA:394,0
DA:395,0
DA:399,0
DA:401,0
DA:402,0
DA:404,0
DA:405,0
DA:415,0
DA:416,0
DA:419,0
DA:420,0
DA:421,0
DA:422,0
DA:425,0
DA:426,0
DA:427,0
DA:428,0
DA:432,0
DA:433,0
DA:434,0
DA:435,0
DA:436,0
DA:437,0
DA:438,0
DA:439,0
DA:443,0
DA:444,0
DA:445,0
DA:446,0
DA:450,0
DA:451,0
DA:452,0
DA:453,0
DA:457,0
DA:458,0
DA:459,0
DA:460,0
DA:464,0
DA:465,0
DA:466,0
DA:467,0
DA:470,0
DA:471,0
DA:472,0
DA:473,0
DA:476,0
DA:477,0
DA:478,0
DA:479,0
DA:483,0
DA:484,0
DA:485,0
DA:486,0
DA:489,0
DA:490,0
DA:491,0
DA:492,0
DA:496,0
DA:497,0
DA:498,0
DA:499,0
DA:502,0
DA:509,0
DA:511,0
DA:512,0
DA:515,0
DA:522,0
DA:525,0
DA:526,0
DA:527,0
DA:529,0
DA:530,0
DA:531,0
DA:532,0
DA:533,0
DA:534,0
DA:538,0
DA:539,0
DA:540,0
DA:541,0
DA:547,0
DA:548,0
DA:549,0
DA:553,0
DA:554,0
DA:557,0
DA:564,0
DA:572,0
DA:579,0
DA:582,0
DA:583,0
DA:584,0
DA:588,0
DA:589,0
DA:590,0
DA:591,0
DA:596,0
DA:597,0
DA:598,0
DA:599,0
DA:604,0
DA:605,0
DA:606,0
DA:607,0
DA:608,0
DA:612,0
DA:613,0
DA:614,0
DA:617,0
DA:618,0
DA:623,0
DA:624,0
DA:625,0
DA:626,0
DA:627,0
DA:632,0
DA:633,0
DA:634,0
DA:635,0
DA:636,0
DA:638,0
DA:639,0
DA:643,0
DA:650,0
DA:651,0
DA:652,0
DA:653,0
DA:657,0
DA:658,0
DA:659,0
DA:660,0
DA:661,0
DA:662,0
DA:666,0
DA:667,0
DA:668,0
DA:669,0
DA:673,0
DA:674,0
DA:675,0
DA:676,0
DA:677,0
DA:684,0
DA:690,0
DA:699,0
DA:700,0
DA:701,0
DA:703,0
DA:704,0
DA:712,0
DA:714,0
DA:715,0
DA:716,0
DA:721,0
DA:722,0
DA:730,0
DA:732,0
DA:733,0
DA:734,0
DA:736,0
DA:737,0
DA:745,0
DA:746,0
DA:749,0
DA:766,0
DA:767,0
DA:768,0
DA:770,0
DA:771,0
DA:776,0
LF:277
LH:0
BRDA:18,0,0,0
BRDA:19,1,0,0
BRDA:20,2,0,0
BRDA:21,3,0,0
BRDA:22,4,0,0
BRDA:23,5,0,0
BRDA:24,6,0,0
BRDA:25,7,0,0
BRDA:26,8,0,0
BRDA:41,9,0,0
BRDA:41,9,1,0
BRDA:41,10,0,0
BRDA:41,10,1,0
BRDA:41,10,2,0
BRDA:44,11,0,0
BRDA:44,11,1,0
BRDA:44,12,0,0
BRDA:44,12,1,0
BRDA:51,13,0,0
BRDA:51,13,1,0
BRDA:83,14,0,0
BRDA:83,14,1,0
BRDA:89,15,0,0
BRDA:89,15,1,0
BRDA:91,16,0,0
BRDA:91,16,1,0
BRDA:92,17,0,0
BRDA:92,17,1,0
BRDA:101,18,0,0
BRDA:101,18,1,0
BRDA:126,19,0,0
BRDA:126,20,0,0
BRDA:126,21,0,0
BRDA:128,22,0,0
BRDA:128,22,1,0
BRDA:128,22,2,0
BRDA:128,22,3,0
BRDA:128,22,4,0
BRDA:128,22,5,0
BRDA:169,23,0,0
BRDA:169,23,1,0
BRDA:231,24,0,0
BRDA:231,24,1,0
BRDA:286,25,0,0
BRDA:286,25,1,0
BRDA:330,26,0,0
BRDA:330,26,1,0
BRDA:385,27,0,0
BRDA:385,27,1,0
BRDA:419,28,0,0
BRDA:419,28,1,0
BRDA:425,29,0,0
BRDA:425,29,1,0
BRDA:432,30,0,0
BRDA:432,30,1,0
BRDA:432,31,0,0
BRDA:432,31,1,0
BRDA:436,32,0,0
BRDA:436,32,1,0
BRDA:443,33,0,0
BRDA:443,33,1,0
BRDA:450,34,0,0
BRDA:450,34,1,0
BRDA:457,35,0,0
BRDA:457,35,1,0
BRDA:464,36,0,0
BRDA:464,36,1,0
BRDA:470,37,0,0
BRDA:470,37,1,0
BRDA:476,38,0,0
BRDA:476,38,1,0
BRDA:483,39,0,0
BRDA:483,39,1,0
BRDA:489,40,0,0
BRDA:489,40,1,0
BRDA:496,41,0,0
BRDA:496,41,1,0
BRDA:509,42,0,0
BRDA:509,42,1,0
BRDA:522,43,0,0
BRDA:522,43,1,0
BRDA:527,44,0,0
BRDA:527,44,1,0
BRDA:529,45,0,0
BRDA:529,45,1,0
BRDA:531,46,0,0
BRDA:531,46,1,0
BRDA:533,47,0,0
BRDA:533,47,1,0
BRDA:540,48,0,0
BRDA:540,48,1,0
BRDA:547,49,0,0
BRDA:547,49,1,0
BRDA:553,50,0,0
BRDA:553,50,1,0
BRDA:553,51,0,0
BRDA:553,51,1,0
BRDA:572,52,0,0
BRDA:572,52,1,0
BRDA:584,53,0,0
BRDA:584,53,1,0
BRDA:590,54,0,0
BRDA:590,54,1,0
BRDA:591,55,0,0
BRDA:591,55,1,0
BRDA:598,56,0,0
BRDA:598,56,1,0
BRDA:599,57,0,0
BRDA:599,57,1,0
BRDA:614,58,0,0
BRDA:614,58,1,0
BRDA:614,59,0,0
BRDA:614,59,1,0
BRDA:616,60,0,0
BRDA:616,60,1,0
BRDA:617,61,0,0
BRDA:617,61,1,0
BRDA:618,62,0,0
BRDA:618,62,1,0
BRDA:625,63,0,0
BRDA:625,63,1,0
BRDA:625,64,0,0
BRDA:625,64,1,0
BRDA:626,65,0,0
BRDA:626,65,1,0
BRDA:627,66,0,0
BRDA:627,66,1,0
BRDA:635,67,0,0
BRDA:635,67,1,0
BRDA:636,68,0,0
BRDA:636,68,1,0
BRDA:638,69,0,0
BRDA:638,69,1,0
BRDA:639,70,0,0
BRDA:639,70,1,0
BRDA:650,71,0,0
BRDA:650,71,1,0
BRDA:657,72,0,0
BRDA:657,72,1,0
BRDA:666,73,0,0
BRDA:666,73,1,0
BRDA:669,74,0,0
BRDA:669,74,1,0
BRDA:673,75,0,0
BRDA:673,75,1,0
BRDA:694,76,0,0
BRDA:694,76,1,0
BRDA:695,77,0,0
BRDA:695,77,1,0
BRDA:718,78,0,0
BRDA:718,78,1,0
BRDA:744,79,0,0
BRDA:745,80,0,0
BRDA:745,80,1,0
BRDA:745,81,0,0
BRDA:745,81,1,0
BRF:156
BRH:0
end_of_record
TN:
SF:utils/security-middleware.js
FN:84,getSecurityHeaders
FN:97,addSecurityHeaders
FN:101,(anonymous_2)
FN:128,applySecurity
FN:189,validateRequestSize
FN:212,sanitizeResponse
FN:224,removeSensitiveFields
FN:235,(anonymous_7)
FN:262,createSecureResponse
FN:299,(anonymous_9)
FN:315,(anonymous_10)
FN:327,(anonymous_11)
FN:335,(anonymous_12)
FNF:13
FNH:0
FNDA:0,getSecurityHeaders
FNDA:0,addSecurityHeaders
FNDA:0,(anonymous_2)
FNDA:0,applySecurity
FNDA:0,validateRequestSize
FNDA:0,sanitizeResponse
FNDA:0,removeSensitiveFields
FNDA:0,(anonymous_7)
FNDA:0,createSecureResponse
FNDA:0,(anonymous_9)
FNDA:0,(anonymous_10)
FNDA:0,(anonymous_11)
FNDA:0,(anonymous_12)
DA:6,0
DA:7,0
DA:12,0
DA:61,0
DA:85,0
DA:89,0
DA:98,0
DA:101,0
DA:102,0
DA:103,0
DA:105,0
DA:108,0
DA:134,0
DA:137,0
DA:138,0
DA:139,0
DA:143,0
DA:144,0
DA:150,0
DA:152,0
DA:153,0
DA:169,0
DA:173,0
DA:180,0
DA:190,0
DA:192,0
DA:193,0
DA:201,0
DA:204,0
DA:213,0
DA:214,0
DA:218,0
DA:225,0
DA:226,0
DA:229,0
DA:230,0
DA:231,0
DA:232,0
DA:235,0
DA:236,0
DA:240,0
DA:241,0
DA:243,0
DA:246,0
DA:249,0
DA:252,0
DA:263,0
DA:272,0
DA:273,0
DA:277,0
DA:281,0
DA:282,0
DA:284,0
DA:287,0
DA:293,0
DA:300,0
DA:301,0
DA:303,0
DA:304,0
DA:307,0
DA:316,0
DA:327,0
DA:336,0
DA:338,0
DA:339,0
DA:343,0
DA:344,0
DA:347,0
DA:348,0
DA:351,0
DA:355,0
LF:71
LH:0
BRDA:85,0,0,0
BRDA:85,0,1,0
BRDA:85,0,2,0
BRDA:89,1,0,0
BRDA:89,1,1,0
BRDA:102,2,0,0
BRDA:102,2,1,0
BRDA:128,3,0,0
BRDA:130,4,0,0
BRDA:131,5,0,0
BRDA:132,6,0,0
BRDA:133,7,0,0
BRDA:138,8,0,0
BRDA:138,8,1,0
BRDA:143,9,0,0
BRDA:143,9,1,0
BRDA:144,10,0,0
BRDA:144,10,1,0
BRDA:144,10,2,0
BRDA:144,10,3,0
BRDA:144,10,4,0
BRDA:152,11,0,0
BRDA:152,11,1,0
BRDA:189,12,0,0
BRDA:192,13,0,0
BRDA:192,13,1,0
BRDA:192,14,0,0
BRDA:192,14,1,0
BRDA:213,15,0,0
BRDA:213,15,1,0
BRDA:213,16,0,0
BRDA:213,16,1,0
BRDA:225,17,0,0
BRDA:225,17,1,0
BRDA:229,18,0,0
BRDA:229,18,1,0
BRDA:229,19,0,0
BRDA:229,19,1,0
BRDA:235,20,0,0
BRDA:235,20,1,0
BRDA:240,21,0,0
BRDA:240,21,1,0
BRDA:240,22,0,0
BRDA:240,22,1,0
BRDA:262,23,0,0
BRDA:272,24,0,0
BRDA:272,24,1,0
BRDA:281,25,0,0
BRDA:281,25,1,0
BRDA:281,26,0,0
BRDA:281,26,1,0
BRDA:299,27,0,0
BRDA:338,28,0,0
BRDA:338,28,1,0
BRDA:343,29,0,0
BRDA:343,29,1,0
BRDA:343,30,0,0
BRDA:343,30,1,0
BRDA:343,30,2,0
BRDA:347,31,0,0
BRDA:347,31,1,0
BRF:61
BRH:0
end_of_record
TN:
SF:utils/validation-middleware.js
FN:264,validate
FN:265,(anonymous_1)
FN:278,(anonymous_2)
FN:281,(anonymous_3)
FN:301,(anonymous_4)
FN:330,sanitizeData
FN:355,(anonymous_6)
FN:373,validateQuery
FN:382,validateBody
FN:391,validateParams
FNF:10
FNH:0
FNDA:0,validate
FNDA:0,(anonymous_1)
FNDA:0,(anonymous_2)
FNDA:0,(anonymous_3)
FNDA:0,(anonymous_4)
FNDA:0,sanitizeData
FNDA:0,(anonymous_6)
FNDA:0,validateQuery
FNDA:0,validateBody
FNDA:0,validateParams
DA:6,0
DA:7,0
DA:8,0
DA:13,0
DA:32,0
DA:78,0
DA:133,0
DA:226,0
DA:246,0
DA:265,0
DA:266,0
DA:269,0
DA:271,0
DA:272,0
DA:274,0
DA:275,0
DA:278,0
DA:279,0
DA:280,0
DA:281,0
DA:282,0
DA:283,0
DA:285,0
DA:289,0
DA:290,0
DA:293,0
DA:299,0
DA:300,0
DA:301,0
DA:302,0
DA:305,0
DA:311,0
DA:317,0
DA:331,0
DA:332,0
DA:335,0
DA:337,0
DA:338,0
DA:339,0
DA:340,0
DA:344,0
DA:345,0
DA:346,0
DA:347,0
DA:348,0
DA:349,0
DA:350,0
DA:351,0
DA:352,0
DA:353,0
DA:354,0
DA:355,0
DA:356,0
DA:358,0
DA:359,0
DA:361,0
DA:365,0
DA:374,0
DA:383,0
DA:392,0
DA:395,0
LF:61
LH:0
BRDA:264,0,0,0
BRDA:269,1,0,0
BRDA:269,1,1,0
BRDA:269,1,2,0
BRDA:269,1,3,0
BRDA:271,2,0,0
BRDA:271,2,1,0
BRDA:274,3,0,0
BRDA:274,3,1,0
BRDA:289,4,0,0
BRDA:289,4,1,0
BRDA:299,5,0,0
BRDA:299,5,1,0
BRDA:331,6,0,0
BRDA:331,6,1,0
BRDA:331,7,0,0
BRDA:331,7,1,0
BRDA:338,8,0,0
BRDA:338,8,1,0
BRDA:338,9,0,0
BRDA:338,9,1,0
BRDA:344,10,0,0
BRDA:344,10,1,0
BRDA:346,11,0,0
BRDA:346,11,1,0
BRDA:346,12,0,0
BRDA:346,12,1,0
BRDA:348,13,0,0
BRDA:348,13,1,0
BRDA:348,14,0,0
BRDA:348,14,1,0
BRDA:348,14,2,0
BRDA:350,15,0,0
BRDA:350,15,1,0
BRDA:350,16,0,0
BRDA:350,16,1,0
BRDA:350,16,2,0
BRDA:350,16,3,0
BRDA:352,17,0,0
BRDA:352,17,1,0
BRDA:354,18,0,0
BRDA:354,18,1,0
BRDA:356,19,0,0
BRDA:356,19,1,0
BRDA:358,20,0,0
BRDA:358,20,1,0
BRF:46
BRH:0
end_of_record
